<?xml version="1.0" encoding="UTF-8" standalone="yes"?><!DOCTYPE report PUBLIC "-//JACOCO//DTD Report 1.1//EN" "report.dtd"><report name="SMOKE Diary"><sessioninfo id="unknownhost-f846af64" start="1788356533484" dump="1788356554230"/><package name="org/billthefarmer/diary"><class name="org/billthefarmer/diary/BuildConfig" sourcefilename="BuildConfig.java"><method name="&lt;init&gt;" desc="()V" line="6"><counter type="INSTRUCTION" missed="3" covered="0"/><counter type="LINE" missed="1" covered="0"/><counter type="COMPLEXITY" missed="1" covered="0"/><counter type="METHOD" missed="1" covered="0"/></method><method name="&lt;clinit&gt;" desc="()V" line="7"><counter type="INSTRUCTION" missed="4" covered="0"/><counter type="LINE" missed="1" covered="0"/><counter type="COMPLEXITY" missed="1" covered="0"/><counter type="METHOD" missed="1" covered="0"/></method><counter type="INSTRUCTION" missed="7" covered="0"/><counter type="LINE" missed="2" covered="0"/><counter type="COMPLEXITY" missed="2" covered="0"/><counter type="METHOD" missed="2" covered="0"/><counter type="CLASS" missed="1" covered="0"/></class><class name="org/billthefarmer/diary/Editor" sourcefilename="Editor.java"><method name="&lt;init&gt;" desc="()V" line="52"><counter type="INSTRUCTION" missed="6" covered="0"/><counter type="LINE" missed="2" covered="0"/><counter type="COMPLEXITY" missed="1" covered="0"/><counter type="METHOD" missed="1" covered="0"/></method><method name="onCreate" desc="(Landroid/os/Bundle;)V" line="72"><counter type="INSTRUCTION" missed="110" covered="0"/><counter type="BRANCH" missed="15" covered="0"/><counter type="LINE" missed="32" covered="0"/><counter type="COMPLEXITY" missed="10" covered="0"/><counter type="METHOD" missed="1" covered="0"/></method><method name="setListeners" desc="()V" line="141"><counter type="INSTRUCTION" missed="30" covered="0"/><counter type="BRANCH" missed="4" covered="0"/><counter type="LINE" missed="8" covered="0"/><counter type="COMPLEXITY" missed="3" covered="0"/><counter type="METHOD" missed="1" covered="0"/></method><method name="onRestoreInstanceState" desc="(Landroid/os/Bundle;)V" line="215"><counter type="INSTRUCTION" missed="9" covered="0"/><counter type="LINE" missed="3" covered="0"/><counter type="COMPLEXITY" missed="1" covered="0"/><counter type="METHOD" missed="1" covered="0"/></method><method name="onSaveInstanceState" desc="(Landroid/os/Bundle;)V" line="223"><counter type="INSTRUCTION" missed="9" covered="0"/><counter type="LINE" missed="3" covered="0"/><counter type="COMPLEXITY" missed="1" covered="0"/><counter type="METHOD" missed="1" covered="0"/></method><method name="onOptionsItemSelected" desc="(Landroid/view/MenuItem;)Z" line="231"><counter type="INSTRUCTION" missed="12" covered="0"/><counter type="BRANCH" missed="2" covered="0"/><counter type="LINE" missed="4" covered="0"/><counter type="COMPLEXITY" missed="2" covered="0"/><counter type="METHOD" missed="1" covered="0"/></method><method name="onBackPressed" desc="()V" line="248"><counter type="INSTRUCTION" missed="31" covered="0"/><counter type="BRANCH" missed="2" covered="0"/><counter type="LINE" missed="8" covered="0"/><counter type="COMPLEXITY" missed="2" covered="0"/><counter type="METHOD" missed="1" covered="0"/></method><method name="onRequestPermissionsResult" desc="(I[Ljava/lang/String;[I)V" line="286"><counter type="INSTRUCTION" missed="58" covered="0"/><counter type="BRANCH" missed="15" covered="0"/><counter type="LINE" missed="11" covered="0"/><counter type="COMPLEXITY" missed="9" covered="0"/><counter type="METHOD" missed="1" covered="0"/></method><method name="resolveContent" desc="(Landroid/net/Uri;)Landroid/net/Uri;" line="317"><counter type="INSTRUCTION" missed="16" covered="0"/><counter type="BRANCH" missed="2" covered="0"/><counter type="LINE" missed="5" covered="0"/><counter type="COMPLEXITY" missed="2" covered="0"/><counter type="METHOD" missed="1" covered="0"/></method><method name="alertDialog" desc="(IIIILandroid/content/DialogInterface$OnClickListener;)V" line="333"><counter type="INSTRUCTION" missed="27" covered="0"/><counter type="LINE" missed="7" covered="0"/><counter type="COMPLEXITY" missed="1" covered="0"/><counter type="METHOD" missed="1" covered="0"/></method><method name="alertDialog" desc="(ILjava/lang/String;I)V" line="349"><counter type="INSTRUCTION" missed="22" covered="0"/><counter type="LINE" missed="6" covered="0"/><counter type="COMPLEXITY" missed="1" covered="0"/><counter type="METHOD" missed="1" covered="0"/></method><method name="read" desc="(Landroid/net/Uri;)Ljava/lang/CharSequence;" line="363"><counter type="INSTRUCTION" missed="56" covered="0"/><counter type="BRANCH" missed="6" covered="0"/><counter type="LINE" missed="13" covered="0"/><counter type="COMPLEXITY" missed="4" covered="0"/><counter type="METHOD" missed="1" covered="0"/></method><method name="write" desc="(Ljava/lang/CharSequence;Ljava/io/File;)V" line="398"><counter type="INSTRUCTION" missed="49" covered="0"/><counter type="BRANCH" missed="6" covered="0"/><counter type="LINE" missed="14" covered="0"/><counter type="COMPLEXITY" missed="4" covered="0"/><counter type="METHOD" missed="1" covered="0"/></method><method name="lambda$onBackPressed$3" desc="(Landroid/content/DialogInterface;I)V" line="256"><counter type="INSTRUCTION" missed="28" covered="0"/><counter type="BRANCH" missed="3" covered="0"/><counter type="LINE" missed="10" covered="0"/><counter type="COMPLEXITY" missed="3" covered="0"/><counter type="METHOD" missed="1" covered="0"/></method><method name="lambda$setListeners$2" desc="(Landroid/view/View;)Z" line="205"><counter type="INSTRUCTION" missed="5" covered="0"/><counter type="LINE" missed="2" covered="0"/><counter type="COMPLEXITY" missed="1" covered="0"/><counter type="METHOD" missed="1" covered="0"/></method><method name="lambda$setListeners$1" desc="(Landroid/view/View;)V" line="185"><counter type="INSTRUCTION" missed="31" covered="0"/><counter type="BRANCH" missed="2" covered="0"/><counter type="LINE" missed="9" covered="0"/><counter type="COMPLEXITY" missed="2" covered="0"/><counter type="METHOD" missed="1" covered="0"/></method><method name="lambda$setListeners$0" desc="(Landroid/widget/ImageButton;Landroid/view/View;)Z" line="175"><counter type="INSTRUCTION" missed="5" covered="0"/><counter type="LINE" missed="2" covered="0"/><counter type="COMPLEXITY" missed="1" covered="0"/><counter type="METHOD" missed="1" covered="0"/></method><counter type="INSTRUCTION" missed="504" covered="0"/><counter type="BRANCH" missed="57" covered="0"/><counter type="LINE" missed="139" covered="0"/><counter type="COMPLEXITY" missed="48" covered="0"/><counter type="METHOD" missed="17" covered="0"/><counter type="CLASS" missed="1" covered="0"/></class><class name="org/billthefarmer/diary/Editor$1" sourcefilename="Editor.java"><method name="&lt;init&gt;" desc="(Lorg/billthefarmer/diary/Editor;)V" line="147"><counter type="INSTRUCTION" missed="6" covered="0"/><counter type="LINE" missed="1" covered="0"/><counter type="COMPLEXITY" missed="1" covered="0"/><counter type="METHOD" missed="1" covered="0"/></method><method name="afterTextChanged" desc="(Landroid/text/Editable;)V" line="152"><counter type="INSTRUCTION" missed="9" covered="0"/><counter type="LINE" missed="3" covered="0"/><counter type="COMPLEXITY" missed="1" covered="0"/><counter type="METHOD" missed="1" covered="0"/></method><method name="beforeTextChanged" desc="(Ljava/lang/CharSequence;III)V" line="161"><counter type="INSTRUCTION" missed="1" covered="0"/><counter type="LINE" missed="1" covered="0"/><counter type="COMPLEXITY" missed="1" covered="0"/><counter type="METHOD" missed="1" covered="0"/></method><method name="onTextChanged" desc="(Ljava/lang/CharSequence;III)V" line="168"><counter type="INSTRUCTION" missed="1" covered="0"/><counter type="LINE" missed="1" covered="0"/><counter type="COMPLEXITY" missed="1" covered="0"/><counter type="METHOD" missed="1" covered="0"/></method><counter type="INSTRUCTION" missed="17" covered="0"/><counter type="LINE" missed="6" covered="0"/><counter type="COMPLEXITY" missed="4" covered="0"/><counter type="METHOD" missed="4" covered="0"/><counter type="CLASS" missed="1" covered="0"/></class><class name="org/billthefarmer/diary/QueryHandler$EventListener" sourcefilename="QueryHandler.java"/><class name="org/billthefarmer/diary/QueryHandler" sourcefilename="QueryHandler.java"><method name="&lt;init&gt;" desc="(Landroid/content/ContentResolver;)V" line="72"><counter type="INSTRUCTION" missed="4" covered="0"/><counter type="LINE" missed="2" covered="0"/><counter type="COMPLEXITY" missed="1" covered="0"/><counter type="METHOD" missed="1" covered="0"/></method><method name="queryEvents" desc="(Landroid/content/Context;JJLorg/billthefarmer/diary/QueryHandler$EventListener;)V" line="79"><counter type="INSTRUCTION" missed="47" covered="0"/><counter type="BRANCH" missed="4" covered="0"/><counter type="LINE" missed="11" covered="0"/><counter type="COMPLEXITY" missed="3" covered="0"/><counter type="METHOD" missed="1" covered="0"/></method><method name="insertEvent" desc="(Landroid/content/Context;JJLjava/lang/String;)V" line="102"><counter type="INSTRUCTION" missed="44" covered="0"/><counter type="BRANCH" missed="4" covered="0"/><counter type="LINE" missed="11" covered="0"/><counter type="COMPLEXITY" missed="3" covered="0"/><counter type="METHOD" missed="1" covered="0"/></method><method name="onQueryComplete" desc="(ILjava/lang/Object;Landroid/database/Cursor;)V" line="124"><counter type="INSTRUCTION" missed="80" covered="0"/><counter type="BRANCH" missed="15" covered="0"/><counter type="LINE" missed="24" covered="0"/><counter type="COMPLEXITY" missed="9" covered="0"/><counter type="METHOD" missed="1" covered="0"/></method><method name="onInsertComplete" desc="(ILjava/lang/Object;Landroid/net/Uri;)V" line="169"><counter type="INSTRUCTION" missed="49" covered="0"/><counter type="BRANCH" missed="6" covered="0"/><counter type="LINE" missed="12" covered="0"/><counter type="COMPLEXITY" missed="4" covered="0"/><counter type="METHOD" missed="1" covered="0"/></method><method name="&lt;clinit&gt;" desc="()V" line="44"><counter type="INSTRUCTION" missed="19" covered="0"/><counter type="LINE" missed="2" covered="0"/><counter type="COMPLEXITY" missed="1" covered="0"/><counter type="METHOD" missed="1" covered="0"/></method><counter type="INSTRUCTION" missed="243" covered="0"/><counter type="BRANCH" missed="29" covered="0"/><counter type="LINE" missed="62" covered="0"/><counter type="COMPLEXITY" missed="21" covered="0"/><counter type="METHOD" missed="6" covered="0"/><counter type="CLASS" missed="1" covered="0"/></class><class name="org/billthefarmer/diary/Diary$GestureListener" sourcefilename="Diary.java"><method name="&lt;init&gt;" desc="(Lorg/billthefarmer/diary/Diary;)V" line="3420"><counter type="INSTRUCTION" missed="0" covered="6"/><counter type="LINE" missed="0" covered="1"/><counter type="COMPLEXITY" missed="0" covered="1"/><counter type="METHOD" missed="0" covered="1"/></method><method name="onDown" desc="(Landroid/view/MotionEvent;)Z" line="3430"><counter type="INSTRUCTION" missed="2" covered="0"/><counter type="LINE" missed="1" covered="0"/><counter type="COMPLEXITY" missed="1" covered="0"/><counter type="METHOD" missed="1" covered="0"/></method><method name="onFling" desc="(Landroid/view/MotionEvent;Landroid/view/MotionEvent;FF)Z" line="3438"><counter type="INSTRUCTION" missed="82" covered="0"/><counter type="BRANCH" missed="16" covered="0"/><counter type="LINE" missed="21" covered="0"/><counter type="COMPLEXITY" missed="9" covered="0"/><counter type="METHOD" missed="1" covered="0"/></method><method name="onDoubleTap" desc="(Landroid/view/MotionEvent;)Z" line="3493"><counter type="INSTRUCTION" missed="91" covered="0"/><counter type="BRANCH" missed="6" covered="0"/><counter type="LINE" missed="18" covered="0"/><counter type="COMPLEXITY" missed="4" covered="0"/><counter type="METHOD" missed="1" covered="0"/></method><method name="lambda$onDoubleTap$0" desc="(F)V" line="3523"><counter type="INSTRUCTION" missed="55" covered="0"/><counter type="LINE" missed="10" covered="0"/><counter type="COMPLEXITY" missed="1" covered="0"/><counter type="METHOD" missed="1" covered="0"/></method><counter type="INSTRUCTION" missed="230" covered="6"/><counter type="BRANCH" missed="22" covered="0"/><counter type="LINE" missed="50" covered="1"/><counter type="COMPLEXITY" missed="15" covered="1"/><counter type="METHOD" missed="4" covered="1"/><counter type="CLASS" missed="0" covered="1"/></class><class name="org/billthefarmer/diary/Diary$EntryDecorator" sourcefilename="Diary.java"><method name="&lt;init&gt;" desc="(Lorg/billthefarmer/diary/Diary;)V" line="3555"><counter type="INSTRUCTION" missed="6" covered="0"/><counter type="LINE" missed="2" covered="0"/><counter type="COMPLEXITY" missed="1" covered="0"/><counter type="METHOD" missed="1" covered="0"/></method><method name="decorate" desc="(Lorg/billthefarmer/view/DayView;)V" line="3562"><counter type="INSTRUCTION" missed="23" covered="0"/><counter type="BRANCH" missed="2" covered="0"/><counter type="LINE" missed="7" covered="0"/><counter type="COMPLEXITY" missed="2" covered="0"/><counter type="METHOD" missed="1" covered="0"/></method><counter type="INSTRUCTION" missed="29" covered="0"/><counter type="BRANCH" missed="2" covered="0"/><counter type="LINE" missed="9" covered="0"/><counter type="COMPLEXITY" missed="3" covered="0"/><counter type="METHOD" missed="2" covered="0"/><counter type="CLASS" missed="1" covered="0"/></class><class name="org/billthefarmer/diary/DiaryWidgetUpdate" sourcefilename="DiaryWidgetUpdate.java"><method name="&lt;init&gt;" desc="()V" line="44"><counter type="INSTRUCTION" missed="3" covered="0"/><counter type="LINE" missed="1" covered="0"/><counter type="COMPLEXITY" missed="1" covered="0"/><counter type="METHOD" missed="1" covered="0"/></method><method name="onCreate" desc="(Landroid/os/Bundle;)V" line="54"><counter type="INSTRUCTION" missed="146" covered="0"/><counter type="BRANCH" missed="12" covered="0"/><counter type="LINE" missed="40" covered="0"/><counter type="COMPLEXITY" missed="8" covered="0"/><counter type="METHOD" missed="1" covered="0"/></method><method name="getHome" desc="()Ljava/io/File;" line="129"><counter type="INSTRUCTION" missed="24" covered="0"/><counter type="BRANCH" missed="6" covered="0"/><counter type="LINE" missed="4" covered="0"/><counter type="COMPLEXITY" missed="4" covered="0"/><counter type="METHOD" missed="1" covered="0"/></method><method name="getYear" desc="(I)Ljava/io/File;" line="139"><counter type="INSTRUCTION" missed="16" covered="0"/><counter type="LINE" missed="2" covered="0"/><counter type="COMPLEXITY" missed="1" covered="0"/><counter type="METHOD" missed="1" covered="0"/></method><method name="getMonth" desc="(II)Ljava/io/File;" line="147"><counter type="INSTRUCTION" missed="19" covered="0"/><counter type="LINE" missed="2" covered="0"/><counter type="COMPLEXITY" missed="1" covered="0"/><counter type="METHOD" missed="1" covered="0"/></method><method name="prevYear" desc="(I)I" line="155"><counter type="INSTRUCTION" missed="33" covered="0"/><counter type="BRANCH" missed="6" covered="0"/><counter type="LINE" missed="6" covered="0"/><counter type="COMPLEXITY" missed="4" covered="0"/><counter type="METHOD" missed="1" covered="0"/></method><method name="prevMonth" desc="(II)I" line="168"><counter type="INSTRUCTION" missed="34" covered="0"/><counter type="BRANCH" missed="6" covered="0"/><counter type="LINE" missed="6" covered="0"/><counter type="COMPLEXITY" missed="4" covered="0"/><counter type="METHOD" missed="1" covered="0"/></method><method name="prevDay" desc="(III)I" line="181"><counter type="INSTRUCTION" missed="35" covered="0"/><counter type="BRANCH" missed="6" covered="0"/><counter type="LINE" missed="6" covered="0"/><counter type="COMPLEXITY" missed="4" covered="0"/><counter type="METHOD" missed="1" covered="0"/></method><method name="getPrevEntry" desc="(III)Ljava/util/Calendar;" line="195"><counter type="INSTRUCTION" missed="45" covered="0"/><counter type="BRANCH" missed="6" covered="0"/><counter type="LINE" missed="7" covered="0"/><counter type="COMPLEXITY" missed="4" covered="0"/><counter type="METHOD" missed="1" covered="0"/></method><method name="nextYear" desc="(I)I" line="211"><counter type="INSTRUCTION" missed="36" covered="0"/><counter type="BRANCH" missed="8" covered="0"/><counter type="LINE" missed="6" covered="0"/><counter type="COMPLEXITY" missed="5" covered="0"/><counter type="METHOD" missed="1" covered="0"/></method><method name="nextMonth" desc="(II)I" line="224"><counter type="INSTRUCTION" missed="37" covered="0"/><counter type="BRANCH" missed="8" covered="0"/><counter type="LINE" missed="6" covered="0"/><counter type="COMPLEXITY" missed="5" covered="0"/><counter type="METHOD" missed="1" covered="0"/></method><method name="nextDay" desc="(III)I" line="237"><counter type="INSTRUCTION" missed="38" covered="0"/><counter type="BRANCH" missed="8" covered="0"/><counter type="LINE" missed="6" covered="0"/><counter type="COMPLEXITY" missed="5" covered="0"/><counter type="METHOD" missed="1" covered="0"/></method><method name="getNextEntry" desc="(III)Ljava/util/Calendar;" line="251"><counter type="INSTRUCTION" missed="45" covered="0"/><counter type="BRANCH" missed="6" covered="0"/><counter type="LINE" missed="7" covered="0"/><counter type="COMPLEXITY" missed="4" covered="0"/><counter type="METHOD" missed="1" covered="0"/></method><counter type="INSTRUCTION" missed="511" covered="0"/><counter type="BRANCH" missed="72" covered="0"/><counter type="LINE" missed="99" covered="0"/><counter type="COMPLEXITY" missed="50" covered="0"/><counter type="METHOD" missed="13" covered="0"/><counter type="CLASS" missed="1" covered="0"/></class><class name="org/billthefarmer/diary/DiaryWidgetProvider" sourcefilename="DiaryWidgetProvider.java"><method name="&lt;init&gt;" desc="()V" line="56"><counter type="INSTRUCTION" missed="3" covered="0"/><counter type="LINE" missed="1" covered="0"/><counter type="COMPLEXITY" missed="1" covered="0"/><counter type="METHOD" missed="1" covered="0"/></method><method name="onReceive" desc="(Landroid/content/Context;Landroid/content/Intent;)V" line="75"><counter type="INSTRUCTION" missed="62" covered="0"/><counter type="BRANCH" missed="4" covered="0"/><counter type="LINE" missed="15" covered="0"/><counter type="COMPLEXITY" missed="3" covered="0"/><counter type="METHOD" missed="1" covered="0"/></method><method name="onAppWidgetOptionsChanged" desc="(Landroid/content/Context;Landroid/appwidget/AppWidgetManager;ILandroid/os/Bundle;)V" line="106"><counter type="INSTRUCTION" missed="13" covered="0"/><counter type="LINE" missed="3" covered="0"/><counter type="COMPLEXITY" missed="1" covered="0"/><counter type="METHOD" missed="1" covered="0"/></method><method name="onUpdate" desc="(Landroid/content/Context;Landroid/appwidget/AppWidgetManager;[I)V" line="117"><counter type="INSTRUCTION" missed="179" covered="0"/><counter type="LINE" missed="37" covered="0"/><counter type="COMPLEXITY" missed="1" covered="0"/><counter type="METHOD" missed="1" covered="0"/></method><method name="getText" desc="(Landroid/content/Context;)Ljava/lang/CharSequence;" line="193"><counter type="INSTRUCTION" missed="41" covered="0"/><counter type="BRANCH" missed="2" covered="0"/><counter type="LINE" missed="11" covered="0"/><counter type="COMPLEXITY" missed="2" covered="0"/><counter type="METHOD" missed="1" covered="0"/></method><method name="getHome" desc="()Ljava/io/File;" line="215"><counter type="INSTRUCTION" missed="24" covered="0"/><counter type="BRANCH" missed="6" covered="0"/><counter type="LINE" missed="4" covered="0"/><counter type="COMPLEXITY" missed="4" covered="0"/><counter type="METHOD" missed="1" covered="0"/></method><method name="getYear" desc="(I)Ljava/io/File;" line="225"><counter type="INSTRUCTION" missed="16" covered="0"/><counter type="LINE" missed="2" covered="0"/><counter type="COMPLEXITY" missed="1" covered="0"/><counter type="METHOD" missed="1" covered="0"/></method><method name="getMonth" desc="(II)Ljava/io/File;" line="233"><counter type="INSTRUCTION" missed="19" covered="0"/><counter type="LINE" missed="2" covered="0"/><counter type="COMPLEXITY" missed="1" covered="0"/><counter type="METHOD" missed="1" covered="0"/></method><method name="getDay" desc="(III)Ljava/io/File;" line="241"><counter type="INSTRUCTION" missed="45" covered="0"/><counter type="BRANCH" missed="4" covered="0"/><counter type="LINE" missed="9" covered="0"/><counter type="COMPLEXITY" missed="3" covered="0"/><counter type="METHOD" missed="1" covered="0"/></method><method name="getFile" desc="(Ljava/util/Calendar;)Ljava/io/File;" line="259"><counter type="INSTRUCTION" missed="12" covered="0"/><counter type="LINE" missed="3" covered="0"/><counter type="COMPLEXITY" missed="1" covered="0"/><counter type="METHOD" missed="1" covered="0"/></method><method name="getFile" desc="()Ljava/io/File;" line="267"><counter type="INSTRUCTION" missed="6" covered="0"/><counter type="LINE" missed="2" covered="0"/><counter type="COMPLEXITY" missed="1" covered="0"/><counter type="METHOD" missed="1" covered="0"/></method><counter type="INSTRUCTION" missed="420" covered="0"/><counter type="BRANCH" missed="16" covered="0"/><counter type="LINE" missed="89" covered="0"/><counter type="COMPLEXITY" missed="19" covered="0"/><counter type="METHOD" missed="11" covered="0"/><counter type="CLASS" missed="1" covered="0"/></class><class name="org/billthefarmer/diary/Diary$2" sourcefilename="Diary.java"><method name="&lt;init&gt;" desc="(Lorg/billthefarmer/diary/Diary;)V" line="1078"><counter type="INSTRUCTION" missed="0" covered="6"/><counter type="LINE" missed="0" covered="1"/><counter type="COMPLEXITY" missed="0" covered="1"/><counter type="METHOD" missed="0" covered="1"/></method><method name="afterTextChanged" desc="(Landroid/text/Editable;)V" line="1084"><counter type="INSTRUCTION" missed="0" covered="9"/><counter type="LINE" missed="0" covered="3"/><counter type="COMPLEXITY" missed="0" covered="1"/><counter type="METHOD" missed="0" covered="1"/></method><method name="beforeTextChanged" desc="(Ljava/lang/CharSequence;III)V" line="1093"><counter type="INSTRUCTION" missed="0" covered="1"/><counter type="LINE" missed="0" covered="1"/><counter type="COMPLEXITY" missed="0" covered="1"/><counter type="METHOD" missed="0" covered="1"/></method><method name="onTextChanged" desc="(Ljava/lang/CharSequence;III)V" line="1100"><counter type="INSTRUCTION" missed="0" covered="1"/><counter type="LINE" missed="0" covered="1"/><counter type="COMPLEXITY" missed="0" covered="1"/><counter type="METHOD" missed="0" covered="1"/></method><counter type="INSTRUCTION" missed="0" covered="17"/><counter type="LINE" missed="0" covered="6"/><counter type="COMPLEXITY" missed="0" covered="4"/><counter type="METHOD" missed="0" covered="4"/><counter type="CLASS" missed="0" covered="1"/></class><class name="org/billthefarmer/diary/Settings" sourcefilename="Settings.java"><method name="&lt;init&gt;" desc="()V" line="36"><counter type="INSTRUCTION" missed="3" covered="0"/><counter type="LINE" missed="1" covered="0"/><counter type="COMPLEXITY" missed="1" covered="0"/><counter type="METHOD" missed="1" covered="0"/></method><method name="onCreate" desc="(Landroid/os/Bundle;)V" line="57"><counter type="INSTRUCTION" missed="62" covered="0"/><counter type="BRANCH" missed="9" covered="0"/><counter type="LINE" missed="23" covered="0"/><counter type="COMPLEXITY" missed="7" covered="0"/><counter type="METHOD" missed="1" covered="0"/></method><method name="onOptionsItemSelected" desc="(Landroid/view/MenuItem;)Z" line="111"><counter type="INSTRUCTION" missed="10" covered="0"/><counter type="BRANCH" missed="2" covered="0"/><counter type="LINE" missed="4" covered="0"/><counter type="COMPLEXITY" missed="2" covered="0"/><counter type="METHOD" missed="1" covered="0"/></method><counter type="INSTRUCTION" missed="75" covered="0"/><counter type="BRANCH" missed="11" covered="0"/><counter type="LINE" missed="28" covered="0"/><counter type="COMPLEXITY" missed="10" covered="0"/><counter type="METHOD" missed="3" covered="0"/><counter type="CLASS" missed="1" covered="0"/></class><class name="org/billthefarmer/diary/FileUtils" sourcefilename="FileUtils.java"><method name="getExtension" desc="(Ljava/lang/String;)Ljava/lang/String;" line="115"><counter type="INSTRUCTION" missed="2" covered="14"/><counter type="BRANCH" missed="1" covered="3"/><counter type="LINE" missed="1" covered="5"/><counter type="COMPLEXITY" missed="1" covered="2"/><counter type="METHOD" missed="0" covered="1"/></method><method name="getPathWithoutExtension" desc="(Ljava/lang/String;)Ljava/lang/String;" line="141"><counter type="INSTRUCTION" missed="14" covered="0"/><counter type="BRANCH" missed="2" covered="0"/><counter type="LINE" missed="3" covered="0"/><counter type="COMPLEXITY" missed="2" covered="0"/><counter type="METHOD" missed="1" covered="0"/></method><method name="isLocal" desc="(Ljava/lang/String;)Z" line="154"><counter type="INSTRUCTION" missed="14" covered="0"/><counter type="BRANCH" missed="6" covered="0"/><counter type="LINE" missed="2" covered="0"/><counter type="COMPLEXITY" missed="4" covered="0"/><counter type="METHOD" missed="1" covered="0"/></method><method name="isMediaUri" desc="(Landroid/net/Uri;)Z" line="164"><counter type="INSTRUCTION" missed="5" covered="0"/><counter type="LINE" missed="1" covered="0"/><counter type="COMPLEXITY" missed="1" covered="0"/><counter type="METHOD" missed="1" covered="0"/></method><method name="getUri" desc="(Ljava/io/File;)Landroid/net/Uri;" line="175"><counter type="INSTRUCTION" missed="7" covered="0"/><counter type="BRANCH" missed="2" covered="0"/><counter type="LINE" missed="1" covered="0"/><counter type="COMPLEXITY" missed="2" covered="0"/><counter type="METHOD" missed="1" covered="0"/></method><method name="getPathWithoutFilename" desc="(Ljava/io/File;)Ljava/io/File;" line="186"><counter type="INSTRUCTION" missed="41" covered="0"/><counter type="BRANCH" missed="6" covered="0"/><counter type="LINE" missed="12" covered="0"/><counter type="COMPLEXITY" missed="4" covered="0"/><counter type="METHOD" missed="1" covered="0"/></method><method name="getMimeType" desc="(Ljava/io/File;)Ljava/lang/String;" line="218"><counter type="INSTRUCTION" missed="0" covered="17"/><counter type="BRANCH" missed="0" covered="2"/><counter type="LINE" missed="0" covered="6"/><counter type="COMPLEXITY" missed="0" covered="2"/><counter type="METHOD" missed="0" covered="1"/></method><method name="getMimeType" desc="(Landroid/content/Context;Landroid/net/Uri;)Ljava/lang/String;" line="233"><counter type="INSTRUCTION" missed="16" covered="0"/><counter type="BRANCH" missed="2" covered="0"/><counter type="LINE" missed="4" covered="0"/><counter type="COMPLEXITY" missed="2" covered="0"/><counter type="METHOD" missed="1" covered="0"/></method><method name="isExternalStorageDocument" desc="(Landroid/net/Uri;)Z" line="247"><counter type="INSTRUCTION" missed="5" covered="0"/><counter type="LINE" missed="2" covered="0"/><counter type="COMPLEXITY" missed="1" covered="0"/><counter type="METHOD" missed="1" covered="0"/></method><method name="isDownloadsDocument" desc="(Landroid/net/Uri;)Z" line="258"><counter type="INSTRUCTION" missed="5" covered="0"/><counter type="LINE" missed="2" covered="0"/><counter type="COMPLEXITY" missed="1" covered="0"/><counter type="METHOD" missed="1" covered="0"/></method><method name="isMediaDocument" desc="(Landroid/net/Uri;)Z" line="269"><counter type="INSTRUCTION" missed="5" covered="0"/><counter type="LINE" missed="2" covered="0"/><counter type="COMPLEXITY" missed="1" covered="0"/><counter type="METHOD" missed="1" covered="0"/></method><method name="isGooglePhotosUri" desc="(Landroid/net/Uri;)Z" line="279"><counter type="INSTRUCTION" missed="5" covered="0"/><counter type="LINE" missed="2" covered="0"/><counter type="COMPLEXITY" missed="1" covered="0"/><counter type="METHOD" missed="1" covered="0"/></method><method name="fileProviderPath" desc="(Landroid/net/Uri;)Ljava/lang/String;" line="290"><counter type="INSTRUCTION" missed="143" covered="0"/><counter type="BRANCH" missed="18" covered="0"/><counter type="LINE" missed="30" covered="0"/><counter type="COMPLEXITY" missed="10" covered="0"/><counter type="METHOD" missed="1" covered="0"/></method><method name="getDisplayName" desc="(Landroid/content/Context;Landroid/net/Uri;Ljava/lang/String;[Ljava/lang/String;)Ljava/lang/String;" line="357"><counter type="INSTRUCTION" missed="47" covered="0"/><counter type="BRANCH" missed="10" covered="0"/><counter type="LINE" missed="13" covered="0"/><counter type="COMPLEXITY" missed="6" covered="0"/><counter type="METHOD" missed="1" covered="0"/></method><method name="getSize" desc="(Landroid/content/Context;Landroid/net/Uri;Ljava/lang/String;[Ljava/lang/String;)J" line="398"><counter type="INSTRUCTION" missed="47" covered="0"/><counter type="BRANCH" missed="10" covered="0"/><counter type="LINE" missed="13" covered="0"/><counter type="COMPLEXITY" missed="6" covered="0"/><counter type="METHOD" missed="1" covered="0"/></method><method name="getDataColumn" desc="(Landroid/content/Context;Landroid/net/Uri;Ljava/lang/String;[Ljava/lang/String;)Ljava/lang/String;" line="440"><counter type="INSTRUCTION" missed="47" covered="0"/><counter type="BRANCH" missed="10" covered="0"/><counter type="LINE" missed="13" covered="0"/><counter type="COMPLEXITY" missed="6" covered="0"/><counter type="METHOD" missed="1" covered="0"/></method><method name="getPath" desc="(Landroid/content/Context;Landroid/net/Uri;)Ljava/lang/String;" line="482"><counter type="INSTRUCTION" missed="290" covered="0"/><counter type="BRANCH" missed="38" covered="0"/><counter type="LINE" missed="64" covered="0"/><counter type="COMPLEXITY" missed="20" covered="0"/><counter type="METHOD" missed="1" covered="0"/></method><method name="getFile" desc="(Landroid/content/Context;Landroid/net/Uri;)Ljava/io/File;" line="630"><counter type="INSTRUCTION" missed="16" covered="0"/><counter type="BRANCH" missed="4" covered="0"/><counter type="LINE" missed="5" covered="0"/><counter type="COMPLEXITY" missed="3" covered="0"/><counter type="METHOD" missed="1" covered="0"/></method><method name="copyFile" desc="(Landroid/content/Context;Landroid/net/Uri;Landroid/net/Uri;)V" line="654"><counter type="INSTRUCTION" missed="8" covered="0"/><counter type="LINE" missed="2" covered="0"/><counter type="COMPLEXITY" missed="1" covered="0"/><counter type="METHOD" missed="1" covered="0"/></method><method name="copyFile" desc="(Ljava/io/File;Ljava/io/File;)V" line="667"><counter type="INSTRUCTION" missed="45" covered="0"/><counter type="BRANCH" missed="4" covered="0"/><counter type="LINE" missed="12" covered="0"/><counter type="COMPLEXITY" missed="3" covered="0"/><counter type="METHOD" missed="1" covered="0"/></method><method name="getReadableFileSize" desc="(J)Ljava/lang/String;" line="693"><counter type="INSTRUCTION" missed="60" covered="0"/><counter type="BRANCH" missed="6" covered="0"/><counter type="LINE" missed="16" covered="0"/><counter type="COMPLEXITY" missed="4" covered="0"/><counter type="METHOD" missed="1" covered="0"/></method><method name="getThumbnail" desc="(Landroid/content/Context;Ljava/io/File;)Landroid/graphics/Bitmap;" line="732"><counter type="INSTRUCTION" missed="7" covered="0"/><counter type="LINE" missed="1" covered="0"/><counter type="COMPLEXITY" missed="1" covered="0"/><counter type="METHOD" missed="1" covered="0"/></method><method name="getThumbnail" desc="(Landroid/content/Context;Landroid/net/Uri;)Landroid/graphics/Bitmap;" line="746"><counter type="INSTRUCTION" missed="7" covered="0"/><counter type="LINE" missed="1" covered="0"/><counter type="COMPLEXITY" missed="1" covered="0"/><counter type="METHOD" missed="1" covered="0"/></method><method name="getThumbnail" desc="(Landroid/content/Context;Landroid/net/Uri;Ljava/lang/String;)Landroid/graphics/Bitmap;" line="762"><counter type="INSTRUCTION" missed="82" covered="0"/><counter type="BRANCH" missed="14" covered="0"/><counter type="LINE" missed="21" covered="0"/><counter type="COMPLEXITY" missed="8" covered="0"/><counter type="METHOD" missed="1" covered="0"/></method><method name="createGetContentIntent" desc="()Landroid/content/Intent;" line="817"><counter type="INSTRUCTION" missed="15" covered="0"/><counter type="LINE" missed="4" covered="0"/><counter type="COMPLEXITY" missed="1" covered="0"/><counter type="METHOD" missed="1" covered="0"/></method><method name="lambda$static$2" desc="(Ljava/io/File;)Z" line="97"><counter type="INSTRUCTION" missed="14" covered="0"/><counter type="BRANCH" missed="4" covered="0"/><counter type="LINE" missed="2" covered="0"/><counter type="COMPLEXITY" missed="3" covered="0"/><counter type="METHOD" missed="1" covered="0"/></method><method name="lambda$static$1" desc="(Ljava/io/File;)Z" line="86"><counter type="INSTRUCTION" missed="14" covered="0"/><counter type="BRANCH" missed="4" covered="0"/><counter type="LINE" missed="2" covered="0"/><counter type="COMPLEXITY" missed="3" covered="0"/><counter type="METHOD" missed="1" covered="0"/></method><method name="lambda$static$0" desc="(Ljava/io/File;Ljava/io/File;)I" line="68"><counter type="INSTRUCTION" missed="10" covered="0"/><counter type="LINE" missed="2" covered="0"/><counter type="COMPLEXITY" missed="1" covered="0"/><counter type="METHOD" missed="1" covered="0"/></method><method name="&lt;clinit&gt;" desc="()V" line="65"><counter type="INSTRUCTION" missed="0" covered="7"/><counter type="LINE" missed="0" covered="3"/><counter type="COMPLEXITY" missed="0" covered="1"/><counter type="METHOD" missed="0" covered="1"/></method><counter type="INSTRUCTION" missed="971" covered="38"/><counter type="BRANCH" missed="141" covered="5"/><counter type="LINE" missed="233" covered="14"/><counter type="COMPLEXITY" missed="97" covered="5"/><counter type="METHOD" missed="26" covered="3"/><counter type="CLASS" missed="0" covered="1"/></class><class name="org/billthefarmer/diary/DatePickerPreference" sourcefilename="DatePickerPreference.java"><method name="&lt;init&gt;" desc="(Landroid/content/Context;Landroid/util/AttributeSet;)V" line="40"><counter type="INSTRUCTION" missed="8" covered="0"/><counter type="LINE" missed="3" covered="0"/><counter type="COMPLEXITY" missed="1" covered="0"/><counter type="METHOD" missed="1" covered="0"/></method><method name="onCreateDialogView" desc="()Landroid/view/View;" line="52"><counter type="INSTRUCTION" missed="27" covered="0"/><counter type="LINE" missed="7" covered="0"/><counter type="COMPLEXITY" missed="1" covered="0"/><counter type="METHOD" missed="1" covered="0"/></method><method name="onGetDefaultValue" desc="(Landroid/content/res/TypedArray;I)Ljava/lang/Object;" line="74"><counter type="INSTRUCTION" missed="3" covered="0"/><counter type="LINE" missed="1" covered="0"/><counter type="COMPLEXITY" missed="1" covered="0"/><counter type="METHOD" missed="1" covered="0"/></method><method name="onSetInitialValue" desc="(ZLjava/lang/Object;)V" line="82"><counter type="INSTRUCTION" missed="19" covered="0"/><counter type="BRANCH" missed="2" covered="0"/><counter type="LINE" missed="5" covered="0"/><counter type="COMPLEXITY" missed="2" covered="0"/><counter type="METHOD" missed="1" covered="0"/></method><method name="onDialogClosed" desc="(Z)V" line="100"><counter type="INSTRUCTION" missed="8" covered="0"/><counter type="BRANCH" missed="2" covered="0"/><counter type="LINE" missed="3" covered="0"/><counter type="COMPLEXITY" missed="2" covered="0"/><counter type="METHOD" missed="1" covered="0"/></method><method name="getValue" desc="()J" line="109"><counter type="INSTRUCTION" missed="3" covered="0"/><counter type="LINE" missed="1" covered="0"/><counter type="COMPLEXITY" missed="1" covered="0"/><counter type="METHOD" missed="1" covered="0"/></method><method name="lambda$onCreateDialogView$0" desc="(Landroid/widget/DatePicker;III)V" line="62"><counter type="INSTRUCTION" missed="12" covered="0"/><counter type="LINE" missed="3" covered="0"/><counter type="COMPLEXITY" missed="1" covered="0"/><counter type="METHOD" missed="1" covered="0"/></method><counter type="INSTRUCTION" missed="80" covered="0"/><counter type="BRANCH" missed="4" covered="0"/><counter type="LINE" missed="23" covered="0"/><counter type="COMPLEXITY" missed="9" covered="0"/><counter type="METHOD" missed="7" covered="0"/><counter type="CLASS" missed="1" covered="0"/></class><class name="org/billthefarmer/diary/SettingsFragment" sourcefilename="SettingsFragment.java"><method name="&lt;init&gt;" desc="()V" line="41"><counter type="INSTRUCTION" missed="3" covered="0"/><counter type="LINE" missed="1" covered="0"/><counter type="COMPLEXITY" missed="1" covered="0"/><counter type="METHOD" missed="1" covered="0"/></method><method name="onCreate" desc="(Landroid/os/Bundle;)V" line="48"><counter type="INSTRUCTION" missed="98" covered="0"/><counter type="BRANCH" missed="2" covered="0"/><counter type="LINE" missed="30" covered="0"/><counter type="COMPLEXITY" missed="2" covered="0"/><counter type="METHOD" missed="1" covered="0"/></method><method name="onResume" desc="()V" line="110"><counter type="INSTRUCTION" missed="8" covered="0"/><counter type="LINE" missed="4" covered="0"/><counter type="COMPLEXITY" missed="1" covered="0"/><counter type="METHOD" missed="1" covered="0"/></method><method name="onPause" desc="()V" line="119"><counter type="INSTRUCTION" missed="8" covered="0"/><counter type="LINE" missed="4" covered="0"/><counter type="COMPLEXITY" missed="1" covered="0"/><counter type="METHOD" missed="1" covered="0"/></method><method name="onPreferenceTreeClick" desc="(Landroid/preference/PreferenceScreen;Landroid/preference/Preference;)Z" line="129"><counter type="INSTRUCTION" missed="20" covered="0"/><counter type="BRANCH" missed="2" covered="0"/><counter type="LINE" missed="7" covered="0"/><counter type="COMPLEXITY" missed="2" covered="0"/><counter type="METHOD" missed="1" covered="0"/></method><method name="onSharedPreferenceChanged" desc="(Landroid/content/SharedPreferences;Ljava/lang/String;)V" line="148"><counter type="INSTRUCTION" missed="96" covered="0"/><counter type="BRANCH" missed="14" covered="0"/><counter type="LINE" missed="30" covered="0"/><counter type="COMPLEXITY" missed="8" covered="0"/><counter type="METHOD" missed="1" covered="0"/></method><counter type="INSTRUCTION" missed="233" covered="0"/><counter type="BRANCH" missed="18" covered="0"/><counter type="LINE" missed="76" covered="0"/><counter type="COMPLEXITY" missed="15" covered="0"/><counter type="METHOD" missed="6" covered="0"/><counter type="CLASS" missed="1" covered="0"/></class><class name="org/billthefarmer/diary/Diary$1" sourcefilename="Diary.java"><method name="&lt;init&gt;" desc="(Lorg/billthefarmer/diary/Diary;)V" line="855"><counter type="INSTRUCTION" missed="0" covered="6"/><counter type="LINE" missed="0" covered="1"/><counter type="COMPLEXITY" missed="0" covered="1"/><counter type="METHOD" missed="0" covered="1"/></method><method name="onPageFinished" desc="(Landroid/webkit/WebView;Ljava/lang/String;)V" line="861"><counter type="INSTRUCTION" missed="34" covered="26"/><counter type="BRANCH" missed="6" covered="2"/><counter type="LINE" missed="7" covered="6"/><counter type="COMPLEXITY" missed="4" covered="1"/><counter type="METHOD" missed="0" covered="1"/></method><method name="shouldOverrideUrlLoading" desc="(Landroid/webkit/WebView;Ljava/lang/String;)Z" line="898"><counter type="INSTRUCTION" missed="70" covered="0"/><counter type="BRANCH" missed="12" covered="0"/><counter type="LINE" missed="16" covered="0"/><counter type="COMPLEXITY" missed="7" covered="0"/><counter type="METHOD" missed="1" covered="0"/></method><counter type="INSTRUCTION" missed="104" covered="32"/><counter type="BRANCH" missed="18" covered="2"/><counter type="LINE" missed="23" covered="7"/><counter type="COMPLEXITY" missed="11" covered="2"/><counter type="METHOD" missed="1" covered="2"/><counter type="CLASS" missed="0" covered="1"/></class><class name="org/billthefarmer/diary/Diary$ZipTask" sourcefilename="Diary.java"><method name="&lt;init&gt;" desc="(Lorg/billthefarmer/diary/Diary;)V" line="3111"><counter type="INSTRUCTION" missed="9" covered="0"/><counter type="LINE" missed="3" covered="0"/><counter type="COMPLEXITY" missed="1" covered="0"/><counter type="METHOD" missed="1" covered="0"/></method><method name="onPreExecute" desc="()V" line="3119"><counter type="INSTRUCTION" missed="11" covered="0"/><counter type="BRANCH" missed="2" covered="0"/><counter type="LINE" missed="4" covered="0"/><counter type="COMPLEXITY" missed="2" covered="0"/><counter type="METHOD" missed="1" covered="0"/></method><method name="doInBackground" desc="([Landroid/net/Uri;)Ljava/lang/Void;" line="3128"><counter type="INSTRUCTION" missed="141" covered="0"/><counter type="BRANCH" missed="10" covered="0"/><counter type="LINE" missed="38" covered="0"/><counter type="COMPLEXITY" missed="6" covered="0"/><counter type="METHOD" missed="1" covered="0"/></method><method name="onPostExecute" desc="(Ljava/lang/Void;)V" line="3199"><counter type="INSTRUCTION" missed="11" covered="0"/><counter type="BRANCH" missed="2" covered="0"/><counter type="LINE" missed="4" covered="0"/><counter type="COMPLEXITY" missed="2" covered="0"/><counter type="METHOD" missed="1" covered="0"/></method><method name="lambda$doInBackground$0" desc="(Lorg/billthefarmer/diary/Diary;Ljava/lang/Exception;)V" line="3187"><counter type="INSTRUCTION" missed="7" covered="0"/><counter type="LINE" missed="1" covered="0"/><counter type="COMPLEXITY" missed="1" covered="0"/><counter type="METHOD" missed="1" covered="0"/></method><counter type="INSTRUCTION" missed="179" covered="0"/><counter type="BRANCH" missed="14" covered="0"/><counter type="LINE" missed="50" covered="0"/><counter type="COMPLEXITY" missed="12" covered="0"/><counter type="METHOD" missed="5" covered="0"/><counter type="CLASS" missed="1" covered="0"/></class><class name="org/billthefarmer/diary/AboutPreference" sourcefilename="AboutPreference.java"><method name="&lt;init&gt;" desc="(Landroid/content/Context;Landroid/util/AttributeSet;)V" line="45"><counter type="INSTRUCTION" missed="5" covered="0"/><counter type="LINE" missed="2" covered="0"/><counter type="COMPLEXITY" missed="1" covered="0"/><counter type="METHOD" missed="1" covered="0"/></method><method name="onBindDialogView" desc="(Landroid/view/View;)V" line="52"><counter type="INSTRUCTION" missed="89" covered="0"/><counter type="BRANCH" missed="10" covered="0"/><counter type="LINE" missed="25" covered="0"/><counter type="COMPLEXITY" missed="6" covered="0"/><counter type="METHOD" missed="1" covered="0"/></method><counter type="INSTRUCTION" missed="94" covered="0"/><counter type="BRANCH" missed="10" covered="0"/><counter type="LINE" missed="27" covered="0"/><counter type="COMPLEXITY" missed="7" covered="0"/><counter type="METHOD" missed="2" covered="0"/><counter type="CLASS" missed="1" covered="0"/></class><class name="org/billthefarmer/diary/Diary$FindTask" sourcefilename="Diary.java"><method name="&lt;init&gt;" desc="(Lorg/billthefarmer/diary/Diary;)V" line="3214"><counter type="INSTRUCTION" missed="9" covered="0"/><counter type="LINE" missed="3" covered="0"/><counter type="COMPLEXITY" missed="1" covered="0"/><counter type="METHOD" missed="1" covered="0"/></method><method name="doInBackground" desc="([Ljava/lang/String;)Ljava/util/List;" line="3223"><counter type="INSTRUCTION" missed="139" covered="0"/><counter type="BRANCH" missed="16" covered="0"/><counter type="LINE" missed="34" covered="0"/><counter type="COMPLEXITY" missed="9" covered="0"/><counter type="METHOD" missed="1" covered="0"/></method><method name="onPostExecute" desc="(Ljava/util/List;)V" line="3276"><counter type="INSTRUCTION" missed="43" covered="0"/><counter type="BRANCH" missed="4" covered="0"/><counter type="LINE" missed="11" covered="0"/><counter type="COMPLEXITY" missed="3" covered="0"/><counter type="METHOD" missed="1" covered="0"/></method><method name="lambda$onPostExecute$1" desc="([Ljava/lang/String;Lorg/billthefarmer/diary/Diary;Landroid/content/DialogInterface;I)V" line="3290"><counter type="INSTRUCTION" missed="30" covered="0"/><counter type="LINE" missed="10" covered="0"/><counter type="COMPLEXITY" missed="1" covered="0"/><counter type="METHOD" missed="1" covered="0"/></method><method name="lambda$onPostExecute$0" desc="(Lorg/billthefarmer/diary/Diary;)V" line="3306"><counter type="INSTRUCTION" missed="7" covered="0"/><counter type="LINE" missed="1" covered="0"/><counter type="COMPLEXITY" missed="1" covered="0"/><counter type="METHOD" missed="1" covered="0"/></method><counter type="INSTRUCTION" missed="228" covered="0"/><counter type="BRANCH" missed="20" covered="0"/><counter type="LINE" missed="59" covered="0"/><counter type="COMPLEXITY" missed="15" covered="0"/><counter type="METHOD" missed="5" covered="0"/><counter type="CLASS" missed="1" covered="0"/></class><class name="org/billthefarmer/diary/Diary$QueryTextListener" sourcefilename="Diary.java"><method name="&lt;init&gt;" desc="(Lorg/billthefarmer/diary/Diary;)V" line="3320"><counter type="INSTRUCTION" missed="0" covered="12"/><counter type="LINE" missed="0" covered="2"/><counter type="COMPLEXITY" missed="0" covered="1"/><counter type="METHOD" missed="0" covered="1"/></method><method name="onQueryTextChange" desc="(Ljava/lang/String;)Z" line="3337"><counter type="INSTRUCTION" missed="97" covered="0"/><counter type="BRANCH" missed="6" covered="0"/><counter type="LINE" missed="16" covered="0"/><counter type="COMPLEXITY" missed="4" covered="0"/><counter type="METHOD" missed="1" covered="0"/></method><method name="onQueryTextSubmit" desc="(Ljava/lang/String;)Z" line="3386"><counter type="INSTRUCTION" missed="70" covered="0"/><counter type="BRANCH" missed="8" covered="0"/><counter type="LINE" missed="12" covered="0"/><counter type="COMPLEXITY" missed="5" covered="0"/><counter type="METHOD" missed="1" covered="0"/></method><counter type="INSTRUCTION" missed="167" covered="12"/><counter type="BRANCH" missed="14" covered="0"/><counter type="LINE" missed="28" covered="2"/><counter type="COMPLEXITY" missed="9" covered="1"/><counter type="METHOD" missed="2" covered="1"/><counter type="CLASS" missed="0" covered="1"/></class><class name="org/billthefarmer/diary/Diary" sourcefilename="Diary.java"><method name="&lt;init&gt;" desc="()V" line="113"><counter type="INSTRUCTION" missed="0" covered="60"/><counter type="LINE" missed="0" covered="20"/><counter type="COMPLEXITY" missed="0" covered="1"/><counter type="METHOD" missed="0" covered="1"/></method><method name="sortFiles" desc="([Ljava/io/File;)[Ljava/io/File;" line="302"><counter type="INSTRUCTION" missed="5" covered="5"/><counter type="BRANCH" missed="1" covered="1"/><counter type="LINE" missed="2" covered="2"/><counter type="COMPLEXITY" missed="1" covered="1"/><counter type="METHOD" missed="0" covered="1"/></method><method name="listYears" desc="(Ljava/io/File;)[Ljava/io/File;" line="314"><counter type="INSTRUCTION" missed="0" covered="5"/><counter type="LINE" missed="0" covered="1"/><counter type="COMPLEXITY" missed="0" covered="1"/><counter type="METHOD" missed="0" covered="1"/></method><method name="listMonths" desc="(Ljava/io/File;)[Ljava/io/File;" line="322"><counter type="INSTRUCTION" missed="0" covered="5"/><counter type="LINE" missed="0" covered="1"/><counter type="COMPLEXITY" missed="0" covered="1"/><counter type="METHOD" missed="0" covered="1"/></method><method name="listDays" desc="(Ljava/io/File;)[Ljava/io/File;" line="330"><counter type="INSTRUCTION" missed="0" covered="5"/><counter type="LINE" missed="0" covered="1"/><counter type="COMPLEXITY" missed="0" covered="1"/><counter type="METHOD" missed="0" covered="1"/></method><method name="yearValue" desc="(Ljava/io/File;)I" line="337"><counter type="INSTRUCTION" missed="4" covered="0"/><counter type="LINE" missed="1" covered="0"/><counter type="COMPLEXITY" missed="1" covered="0"/><counter type="METHOD" missed="1" covered="0"/></method><method name="monthValue" desc="(Ljava/io/File;)I" line="343"><counter type="INSTRUCTION" missed="6" covered="0"/><counter type="LINE" missed="1" covered="0"/><counter type="COMPLEXITY" missed="1" covered="0"/><counter type="METHOD" missed="1" covered="0"/></method><method name="dayValue" desc="(Ljava/io/File;)I" line="349"><counter type="INSTRUCTION" missed="8" covered="0"/><counter type="LINE" missed="1" covered="0"/><counter type="COMPLEXITY" missed="1" covered="0"/><counter type="METHOD" missed="1" covered="0"/></method><method name="read" desc="(Ljava/io/File;)Ljava/lang/StringBuilder;" line="355"><counter type="INSTRUCTION" missed="28" covered="7"/><counter type="BRANCH" missed="4" covered="0"/><counter type="LINE" missed="6" covered="3"/><counter type="COMPLEXITY" missed="2" covered="1"/><counter type="METHOD" missed="0" covered="1"/></method><method name="parseTime" desc="(Ljava/io/File;)J" line="376"><counter type="INSTRUCTION" missed="38" covered="0"/><counter type="BRANCH" missed="2" covered="0"/><counter type="LINE" missed="10" covered="0"/><counter type="COMPLEXITY" missed="2" covered="0"/><counter type="METHOD" missed="1" covered="0"/></method><method name="listEntries" desc="(Ljava/io/File;Ljava/util/List;)V" line="402"><counter type="INSTRUCTION" missed="44" covered="0"/><counter type="BRANCH" missed="10" covered="0"/><counter type="LINE" missed="9" covered="0"/><counter type="COMPLEXITY" missed="6" covered="0"/><counter type="METHOD" missed="1" covered="0"/></method><method name="listFiles" desc="(Ljava/io/File;Ljava/util/List;)V" line="422"><counter type="INSTRUCTION" missed="40" covered="0"/><counter type="BRANCH" missed="8" covered="0"/><counter type="LINE" missed="9" covered="0"/><counter type="COMPLEXITY" missed="5" covered="0"/><counter type="METHOD" missed="1" covered="0"/></method><method name="onCreate" desc="(Landroid/os/Bundle;)V" line="441"><counter type="INSTRUCTION" missed="31" covered="113"/><counter type="BRANCH" missed="11" covered="4"/><counter type="LINE" missed="9" covered="29"/><counter type="COMPLEXITY" missed="9" covered="1"/><counter type="METHOD" missed="0" covered="1"/></method><method name="onRestoreInstanceState" desc="(Landroid/os/Bundle;)V" line="523"><counter type="INSTRUCTION" missed="38" covered="0"/><counter type="LINE" missed="9" covered="0"/><counter type="COMPLEXITY" missed="1" covered="0"/><counter type="METHOD" missed="1" covered="0"/></method><method name="onResume" desc="()V" line="539"><counter type="INSTRUCTION" missed="7" covered="60"/><counter type="BRANCH" missed="11" covered="9"/><counter type="LINE" missed="2" covered="15"/><counter type="COMPLEXITY" missed="10" covered="1"/><counter type="METHOD" missed="0" covered="1"/></method><method name="onSaveInstanceState" desc="(Landroid/os/Bundle;)V" line="577"><counter type="INSTRUCTION" missed="48" covered="0"/><counter type="BRANCH" missed="2" covered="0"/><counter type="LINE" missed="10" covered="0"/><counter type="COMPLEXITY" missed="2" covered="0"/><counter type="METHOD" missed="1" covered="0"/></method><method name="onPause" desc="()V" line="596"><counter type="INSTRUCTION" missed="16" covered="0"/><counter type="BRANCH" missed="2" covered="0"/><counter type="LINE" missed="6" covered="0"/><counter type="COMPLEXITY" missed="2" covered="0"/><counter type="METHOD" missed="1" covered="0"/></method><method name="onCreateOptionsMenu" desc="(Landroid/view/Menu;)Z" line="612"><counter type="INSTRUCTION" missed="0" covered="9"/><counter type="LINE" missed="0" covered="3"/><counter type="COMPLEXITY" missed="0" covered="1"/><counter type="METHOD" missed="0" covered="1"/></method><method name="onPrepareOptionsMenu" desc="(Landroid/view/Menu;)Z" line="622"><counter type="INSTRUCTION" missed="13" covered="117"/><counter type="BRANCH" missed="8" covered="8"/><counter type="LINE" missed="1" covered="22"/><counter type="COMPLEXITY" missed="8" covered="1"/><counter type="METHOD" missed="0" covered="1"/></method><method name="onOptionsItemSelected" desc="(Landroid/view/MenuItem;)Z" line="661"><counter type="INSTRUCTION" missed="77" covered="0"/><counter type="BRANCH" missed="23" covered="0"/><counter type="LINE" missed="42" covered="0"/><counter type="COMPLEXITY" missed="21" covered="0"/><counter type="METHOD" missed="1" covered="0"/></method><method name="onBackPressed" desc="()V" line="734"><counter type="INSTRUCTION" missed="36" covered="0"/><counter type="BRANCH" missed="8" covered="0"/><counter type="LINE" missed="10" covered="0"/><counter type="COMPLEXITY" missed="5" covered="0"/><counter type="METHOD" missed="1" covered="0"/></method><method name="onActivityResult" desc="(IILandroid/content/Intent;)V" line="765"><counter type="INSTRUCTION" missed="108" covered="0"/><counter type="BRANCH" missed="26" covered="0"/><counter type="LINE" missed="30" covered="0"/><counter type="COMPLEXITY" missed="15" covered="0"/><counter type="METHOD" missed="1" covered="0"/></method><method name="onDateSet" desc="(Landroid/widget/DatePicker;III)V" line="820"><counter type="INSTRUCTION" missed="21" covered="0"/><counter type="BRANCH" missed="2" covered="0"/><counter type="LINE" missed="5" covered="0"/><counter type="COMPLEXITY" missed="2" covered="0"/><counter type="METHOD" missed="1" covered="0"/></method><method name="onDateSet" desc="(Lorg/billthefarmer/view/CustomCalendarView;III)V" line="831"><counter type="INSTRUCTION" missed="21" covered="0"/><counter type="BRANCH" missed="2" covered="0"/><counter type="LINE" missed="5" covered="0"/><counter type="COMPLEXITY" missed="2" covered="0"/><counter type="METHOD" missed="1" covered="0"/></method><method name="dispatchTouchEvent" desc="(Landroid/view/MotionEvent;)Z" line="842"><counter type="INSTRUCTION" missed="16" covered="0"/><counter type="BRANCH" missed="2" covered="0"/><counter type="LINE" missed="4" covered="0"/><counter type="COMPLEXITY" missed="2" covered="0"/><counter type="METHOD" missed="1" covered="0"/></method><method name="setListeners" desc="()V" line="852"><counter type="INSTRUCTION" missed="0" covered="94"/><counter type="BRANCH" missed="7" covered="7"/><counter type="LINE" missed="0" covered="22"/><counter type="COMPLEXITY" missed="7" covered="1"/><counter type="METHOD" missed="0" covered="1"/></method><method name="cancel" desc="()V" line="1210"><counter type="INSTRUCTION" missed="15" covered="0"/><counter type="BRANCH" missed="2" covered="0"/><counter type="LINE" missed="4" covered="0"/><counter type="COMPLEXITY" missed="2" covered="0"/><counter type="METHOD" missed="1" covered="0"/></method><method name="animateAccept" desc="()V" line="1235"><counter type="INSTRUCTION" missed="9" covered="0"/><counter type="LINE" missed="3" covered="0"/><counter type="COMPLEXITY" missed="1" covered="0"/><counter type="METHOD" missed="1" covered="0"/></method><method name="animateEdit" desc="()V" line="1243"><counter type="INSTRUCTION" missed="9" covered="0"/><counter type="LINE" missed="3" covered="0"/><counter type="COMPLEXITY" missed="1" covered="0"/><counter type="METHOD" missed="1" covered="0"/></method><method name="startAnimation" desc="(Landroid/view/View;II)V" line="1250"><counter type="INSTRUCTION" missed="11" covered="0"/><counter type="LINE" missed="4" covered="0"/><counter type="COMPLEXITY" missed="1" covered="0"/><counter type="METHOD" missed="1" covered="0"/></method><method name="getPreferences" desc="()V" line="1259"><counter type="INSTRUCTION" missed="3" covered="81"/><counter type="BRANCH" missed="1" covered="1"/><counter type="LINE" missed="1" covered="16"/><counter type="COMPLEXITY" missed="1" covered="1"/><counter type="METHOD" missed="0" covered="1"/></method><method name="mediaCheck" desc="(Landroid/content/Intent;)V" line="1293"><counter type="INSTRUCTION" missed="7" covered="16"/><counter type="BRANCH" missed="3" covered="3"/><counter type="LINE" missed="2" covered="4"/><counter type="COMPLEXITY" missed="3" covered="1"/><counter type="METHOD" missed="0" covered="1"/></method><method name="eventCheck" desc="(Ljava/lang/CharSequence;)Ljava/lang/String;" line="1305"><counter type="INSTRUCTION" missed="88" covered="0"/><counter type="BRANCH" missed="2" covered="0"/><counter type="LINE" missed="27" covered="0"/><counter type="COMPLEXITY" missed="2" covered="0"/><counter type="METHOD" missed="1" covered="0"/></method><method name="loadMarkdown" desc="()V" line="1355"><counter type="INSTRUCTION" missed="0" covered="8"/><counter type="LINE" missed="0" covered="3"/><counter type="COMPLEXITY" missed="0" covered="1"/><counter type="METHOD" missed="0" covered="1"/></method><method name="loadMarkdown" desc="(Ljava/lang/CharSequence;)V" line="1362"><counter type="INSTRUCTION" missed="0" covered="13"/><counter type="LINE" missed="0" covered="3"/><counter type="COMPLEXITY" missed="0" covered="1"/><counter type="METHOD" missed="0" covered="1"/></method><method name="markdownCheck" desc="(Ljava/lang/CharSequence;)Ljava/lang/String;" line="1370"><counter type="INSTRUCTION" missed="0" covered="13"/><counter type="LINE" missed="0" covered="3"/><counter type="COMPLEXITY" missed="0" covered="1"/><counter type="METHOD" missed="0" covered="1"/></method><method name="mediaCheck" desc="(Ljava/lang/CharSequence;)Ljava/lang/CharSequence;" line="1382"><counter type="INSTRUCTION" missed="102" covered="53"/><counter type="BRANCH" missed="3" covered="9"/><counter type="LINE" missed="20" covered="15"/><counter type="COMPLEXITY" missed="3" covered="4"/><counter type="METHOD" missed="0" covered="1"/></method><method name="mapCheck" desc="(Ljava/lang/CharSequence;)Ljava/lang/CharSequence;" line="1463"><counter type="INSTRUCTION" missed="35" covered="17"/><counter type="BRANCH" missed="1" covered="1"/><counter type="LINE" missed="10" covered="5"/><counter type="COMPLEXITY" missed="1" covered="1"/><counter type="METHOD" missed="0" covered="1"/></method><method name="dateCheck" desc="(Ljava/lang/CharSequence;)Ljava/lang/CharSequence;" line="1503"><counter type="INSTRUCTION" missed="50" covered="23"/><counter type="BRANCH" missed="1" covered="1"/><counter type="LINE" missed="14" covered="7"/><counter type="COMPLEXITY" missed="1" covered="1"/><counter type="METHOD" missed="0" covered="1"/></method><method name="addMedia" desc="(Landroid/content/Intent;)V" line="1551"><counter type="INSTRUCTION" missed="204" covered="0"/><counter type="BRANCH" missed="50" covered="0"/><counter type="LINE" missed="57" covered="0"/><counter type="COMPLEXITY" missed="26" covered="0"/><counter type="METHOD" missed="1" covered="0"/></method><method name="getBaseUrl" desc="()Ljava/lang/String;" line="1661"><counter type="INSTRUCTION" missed="0" covered="12"/><counter type="LINE" missed="0" covered="1"/><counter type="COMPLEXITY" missed="0" covered="1"/><counter type="METHOD" missed="0" covered="1"/></method><method name="getCurrent" desc="()Ljava/io/File;" line="1667"><counter type="INSTRUCTION" missed="0" covered="11"/><counter type="LINE" missed="0" covered="2"/><counter type="COMPLEXITY" missed="0" covered="1"/><counter type="METHOD" missed="0" covered="1"/></method><method name="getStyles" desc="()Ljava/lang/String;" line="1674"><counter type="INSTRUCTION" missed="4" covered="12"/><counter type="BRANCH" missed="1" covered="1"/><counter type="LINE" missed="1" covered="3"/><counter type="COMPLEXITY" missed="1" covered="1"/><counter type="METHOD" missed="0" covered="1"/></method><method name="getScript" desc="()Ljava/lang/String;" line="1685"><counter type="INSTRUCTION" missed="4" covered="12"/><counter type="BRANCH" missed="1" covered="1"/><counter type="LINE" missed="1" covered="3"/><counter type="COMPLEXITY" missed="1" covered="1"/><counter type="METHOD" missed="0" covered="1"/></method><method name="setVisibility" desc="()V" line="1696"><counter type="INSTRUCTION" missed="17" covered="20"/><counter type="BRANCH" missed="2" covered="2"/><counter type="LINE" missed="4" covered="6"/><counter type="COMPLEXITY" missed="2" covered="1"/><counter type="METHOD" missed="0" covered="1"/></method><method name="goToDate" desc="(Ljava/util/Calendar;)V" line="1723"><counter type="INSTRUCTION" missed="11" covered="0"/><counter type="BRANCH" missed="2" covered="0"/><counter type="LINE" missed="4" covered="0"/><counter type="COMPLEXITY" missed="2" covered="0"/><counter type="METHOD" missed="1" covered="0"/></method><method name="showCustomCalendarDialog" desc="(Ljava/util/Calendar;)V" line="1733"><counter type="INSTRUCTION" missed="52" covered="0"/><counter type="LINE" missed="15" covered="0"/><counter type="COMPLEXITY" missed="1" covered="0"/><counter type="METHOD" missed="1" covered="0"/></method><method name="showDatePickerDialog" desc="(Ljava/util/Calendar;)V" line="1763"><counter type="INSTRUCTION" missed="18" covered="0"/><counter type="LINE" missed="6" covered="0"/><counter type="COMPLEXITY" missed="1" covered="0"/><counter type="METHOD" missed="1" covered="0"/></method><method name="findAll" desc="()V" line="1776"><counter type="INSTRUCTION" missed="20" covered="0"/><counter type="LINE" missed="4" covered="0"/><counter type="COMPLEXITY" missed="1" covered="0"/><counter type="METHOD" missed="1" covered="0"/></method><method name="print" desc="()V" line="1787"><counter type="INSTRUCTION" missed="33" covered="0"/><counter type="LINE" missed="9" covered="0"/><counter type="COMPLEXITY" missed="1" covered="0"/><counter type="METHOD" missed="1" covered="0"/></method><method name="share" desc="()V" line="1807"><counter type="INSTRUCTION" missed="119" covered="0"/><counter type="BRANCH" missed="2" covered="0"/><counter type="LINE" missed="26" covered="0"/><counter type="COMPLEXITY" missed="2" covered="0"/><counter type="METHOD" missed="1" covered="0"/></method><method name="addTime" desc="()V" line="1849"><counter type="INSTRUCTION" missed="25" covered="0"/><counter type="LINE" missed="7" covered="0"/><counter type="COMPLEXITY" missed="1" covered="0"/><counter type="METHOD" missed="1" covered="0"/></method><method name="addEvents" desc="()V" line="1860"><counter type="INSTRUCTION" missed="30" covered="0"/><counter type="LINE" missed="8" covered="0"/><counter type="COMPLEXITY" missed="1" covered="0"/><counter type="METHOD" missed="1" covered="0"/></method><method name="addMedia" desc="()V" line="1882"><counter type="INSTRUCTION" missed="20" covered="0"/><counter type="LINE" missed="5" covered="0"/><counter type="COMPLEXITY" missed="1" covered="0"/><counter type="METHOD" missed="1" covered="0"/></method><method name="editStyles" desc="()V" line="1891"><counter type="INSTRUCTION" missed="21" covered="0"/><counter type="LINE" missed="4" covered="0"/><counter type="COMPLEXITY" missed="1" covered="0"/><counter type="METHOD" missed="1" covered="0"/></method><method name="editScript" desc="()V" line="1900"><counter type="INSTRUCTION" missed="21" covered="0"/><counter type="LINE" missed="4" covered="0"/><counter type="COMPLEXITY" missed="1" covered="0"/><counter type="METHOD" missed="1" covered="0"/></method><method name="backup" desc="()V" line="1910"><counter type="INSTRUCTION" missed="31" covered="0"/><counter type="LINE" missed="5" covered="0"/><counter type="COMPLEXITY" missed="1" covered="0"/><counter type="METHOD" missed="1" covered="0"/></method><method name="saveAsDialog" desc="(Ljava/lang/String;IILandroid/content/DialogInterface$OnClickListener;)V" line="1954"><counter type="INSTRUCTION" missed="60" covered="0"/><counter type="LINE" missed="14" covered="0"/><counter type="COMPLEXITY" missed="1" covered="0"/><counter type="METHOD" missed="1" covered="0"/></method><method name="settings" desc="()V" line="1978"><counter type="INSTRUCTION" missed="8" covered="0"/><counter type="LINE" missed="2" covered="0"/><counter type="COMPLEXITY" missed="1" covered="0"/><counter type="METHOD" missed="1" covered="0"/></method><method name="getHome" desc="()Ljava/io/File;" line="1984"><counter type="INSTRUCTION" missed="8" covered="16"/><counter type="BRANCH" missed="5" covered="1"/><counter type="LINE" missed="1" covered="3"/><counter type="COMPLEXITY" missed="3" covered="1"/><counter type="METHOD" missed="0" covered="1"/></method><method name="getYear" desc="(I)Ljava/io/File;" line="1994"><counter type="INSTRUCTION" missed="0" covered="16"/><counter type="LINE" missed="0" covered="2"/><counter type="COMPLEXITY" missed="0" covered="1"/><counter type="METHOD" missed="0" covered="1"/></method><method name="getMonth" desc="(II)Ljava/io/File;" line="2002"><counter type="INSTRUCTION" missed="0" covered="19"/><counter type="LINE" missed="0" covered="2"/><counter type="COMPLEXITY" missed="0" covered="1"/><counter type="METHOD" missed="0" covered="1"/></method><method name="getDay" desc="(III)Ljava/io/File;" line="2010"><counter type="INSTRUCTION" missed="4" covered="41"/><counter type="BRANCH" missed="2" covered="2"/><counter type="LINE" missed="2" covered="7"/><counter type="COMPLEXITY" missed="2" covered="1"/><counter type="METHOD" missed="0" covered="1"/></method><method name="getFile" desc="()Ljava/io/File;" line="2028"><counter type="INSTRUCTION" missed="0" covered="5"/><counter type="LINE" missed="0" covered="1"/><counter type="COMPLEXITY" missed="0" covered="1"/><counter type="METHOD" missed="0" covered="1"/></method><method name="getFile" desc="(Ljava/util/Calendar;)Ljava/io/File;" line="2034"><counter type="INSTRUCTION" missed="0" covered="12"/><counter type="LINE" missed="0" covered="3"/><counter type="COMPLEXITY" missed="0" covered="1"/><counter type="METHOD" missed="0" covered="1"/></method><method name="prevYear" desc="(I)I" line="2042"><counter type="INSTRUCTION" missed="17" covered="16"/><counter type="BRANCH" missed="5" covered="1"/><counter type="LINE" missed="3" covered="3"/><counter type="COMPLEXITY" missed="3" covered="1"/><counter type="METHOD" missed="0" covered="1"/></method><method name="prevMonth" desc="(II)I" line="2055"><counter type="INSTRUCTION" missed="17" covered="17"/><counter type="BRANCH" missed="5" covered="1"/><counter type="LINE" missed="3" covered="3"/><counter type="COMPLEXITY" missed="3" covered="1"/><counter type="METHOD" missed="0" covered="1"/></method><method name="prevDay" desc="(III)I" line="2068"><counter type="INSTRUCTION" missed="17" covered="18"/><counter type="BRANCH" missed="5" covered="1"/><counter type="LINE" missed="3" covered="3"/><counter type="COMPLEXITY" missed="3" covered="1"/><counter type="METHOD" missed="0" covered="1"/></method><method name="getPrevEntry" desc="(III)Ljava/util/Calendar;" line="2082"><counter type="INSTRUCTION" missed="19" covered="26"/><counter type="BRANCH" missed="3" covered="3"/><counter type="LINE" missed="3" covered="4"/><counter type="COMPLEXITY" missed="3" covered="1"/><counter type="METHOD" missed="0" covered="1"/></method><method name="nextYear" desc="(I)I" line="2098"><counter type="INSTRUCTION" missed="20" covered="16"/><counter type="BRANCH" missed="7" covered="1"/><counter type="LINE" missed="3" covered="3"/><counter type="COMPLEXITY" missed="4" covered="1"/><counter type="METHOD" missed="0" covered="1"/></method><method name="nextMonth" desc="(II)I" line="2111"><counter type="INSTRUCTION" missed="20" covered="17"/><counter type="BRANCH" missed="7" covered="1"/><counter type="LINE" missed="3" covered="3"/><counter type="COMPLEXITY" missed="4" covered="1"/><counter type="METHOD" missed="0" covered="1"/></method><method name="nextDay" desc="(III)I" line="2124"><counter type="INSTRUCTION" missed="20" covered="18"/><counter type="BRANCH" missed="7" covered="1"/><counter type="LINE" missed="3" covered="3"/><counter type="COMPLEXITY" missed="4" covered="1"/><counter type="METHOD" missed="0" covered="1"/></method><method name="getNextEntry" desc="(III)Ljava/util/Calendar;" line="2138"><counter type="INSTRUCTION" missed="19" covered="26"/><counter type="BRANCH" missed="3" covered="3"/><counter type="LINE" missed="3" covered="4"/><counter type="COMPLEXITY" missed="3" covered="1"/><counter type="METHOD" missed="0" covered="1"/></method><method name="getEntries" desc="()Ljava/util/List;" line="2154"><counter type="INSTRUCTION" missed="10" covered="0"/><counter type="LINE" missed="2" covered="0"/><counter type="COMPLEXITY" missed="1" covered="0"/><counter type="METHOD" missed="1" covered="0"/></method><method name="getEntries" desc="(Ljava/util/Calendar;)Ljava/util/List;" line="2161"><counter type="INSTRUCTION" missed="30" covered="0"/><counter type="BRANCH" missed="4" covered="0"/><counter type="LINE" missed="7" covered="0"/><counter type="COMPLEXITY" missed="3" covered="0"/><counter type="METHOD" missed="1" covered="0"/></method><method name="diaryEntry" desc="(Ljava/lang/String;)Ljava/util/Calendar;" line="2177"><counter type="INSTRUCTION" missed="68" covered="0"/><counter type="BRANCH" missed="4" covered="0"/><counter type="LINE" missed="15" covered="0"/><counter type="COMPLEXITY" missed="3" covered="0"/><counter type="METHOD" missed="1" covered="0"/></method><method name="onRequestPermissionsResult" desc="(I[Ljava/lang/String;[I)V" line="2216"><counter type="INSTRUCTION" missed="65" covered="0"/><counter type="BRANCH" missed="22" covered="0"/><counter type="LINE" missed="13" covered="0"/><counter type="COMPLEXITY" missed="13" covered="0"/><counter type="METHOD" missed="1" covered="0"/></method><method name="save" desc="()V" line="2250"><counter type="INSTRUCTION" missed="55" covered="0"/><counter type="BRANCH" missed="6" covered="0"/><counter type="LINE" missed="12" covered="0"/><counter type="COMPLEXITY" missed="4" covered="0"/><counter type="METHOD" missed="1" covered="0"/></method><method name="save" desc="(Ljava/lang/CharSequence;)V" line="2289"><counter type="INSTRUCTION" missed="63" covered="0"/><counter type="BRANCH" missed="12" covered="0"/><counter type="LINE" missed="20" covered="0"/><counter type="COMPLEXITY" missed="7" covered="0"/><counter type="METHOD" missed="1" covered="0"/></method><method name="alertDialog" desc="(IIIILandroid/content/DialogInterface$OnClickListener;)V" line="2327"><counter type="INSTRUCTION" missed="27" covered="0"/><counter type="LINE" missed="7" covered="0"/><counter type="COMPLEXITY" missed="1" covered="0"/><counter type="METHOD" missed="1" covered="0"/></method><method name="alertDialog" desc="(ILjava/lang/String;I)V" line="2343"><counter type="INSTRUCTION" missed="22" covered="0"/><counter type="LINE" missed="6" covered="0"/><counter type="COMPLEXITY" missed="1" covered="0"/><counter type="METHOD" missed="1" covered="0"/></method><method name="updateWidgets" desc="(Ljava/lang/CharSequence;)V" line="2359"><counter type="INSTRUCTION" missed="27" covered="0"/><counter type="LINE" missed="7" covered="0"/><counter type="COMPLEXITY" missed="1" covered="0"/><counter type="METHOD" missed="1" covered="0"/></method><method name="readAssetFile" desc="(Ljava/lang/String;)Ljava/lang/CharSequence;" line="2376"><counter type="INSTRUCTION" missed="3" covered="37"/><counter type="BRANCH" missed="0" covered="2"/><counter type="LINE" missed="2" covered="8"/><counter type="COMPLEXITY" missed="0" covered="2"/><counter type="METHOD" missed="0" covered="1"/></method><method name="load" desc="()V" line="2400"><counter type="INSTRUCTION" missed="22" covered="31"/><counter type="BRANCH" missed="4" covered="4"/><counter type="LINE" missed="2" covered="11"/><counter type="COMPLEXITY" missed="4" covered="1"/><counter type="METHOD" missed="0" covered="1"/></method><method name="checkPosition" desc="(Ljava/lang/CharSequence;)V" line="2430"><counter type="INSTRUCTION" missed="38" covered="21"/><counter type="BRANCH" missed="5" covered="1"/><counter type="LINE" missed="10" covered="5"/><counter type="COMPLEXITY" missed="4" covered="1"/><counter type="METHOD" missed="0" covered="1"/></method><method name="positionCheck" desc="(Ljava/lang/CharSequence;)Ljava/lang/CharSequence;" line="2484"><counter type="INSTRUCTION" missed="32" covered="0"/><counter type="BRANCH" missed="4" covered="0"/><counter type="LINE" missed="8" covered="0"/><counter type="COMPLEXITY" missed="3" covered="0"/><counter type="METHOD" missed="1" covered="0"/></method><method name="setDate" desc="(Ljava/util/Calendar;)V" line="2505"><counter type="INSTRUCTION" missed="16" covered="65"/><counter type="BRANCH" missed="8" covered="4"/><counter type="LINE" missed="2" covered="17"/><counter type="COMPLEXITY" missed="6" covered="1"/><counter type="METHOD" missed="0" covered="1"/></method><method name="setTitleDate" desc="(Ljava/util/Date;)V" line="2532"><counter type="INSTRUCTION" missed="19" covered="21"/><counter type="BRANCH" missed="4" covered="2"/><counter type="LINE" missed="7" covered="8"/><counter type="COMPLEXITY" missed="4" covered="1"/><counter type="METHOD" missed="0" covered="1"/></method><method name="changeDate" desc="(Ljava/util/Calendar;)V" line="2565"><counter type="INSTRUCTION" missed="10" covered="18"/><counter type="BRANCH" missed="3" covered="3"/><counter type="LINE" missed="4" covered="6"/><counter type="COMPLEXITY" missed="3" covered="1"/><counter type="METHOD" missed="0" covered="1"/></method><method name="changeDate" desc="(J)V" line="2587"><counter type="INSTRUCTION" missed="22" covered="0"/><counter type="LINE" missed="7" covered="0"/><counter type="COMPLEXITY" missed="1" covered="0"/><counter type="METHOD" missed="1" covered="0"/></method><method name="prevEntry" desc="()V" line="2598"><counter type="INSTRUCTION" missed="10" covered="0"/><counter type="LINE" missed="3" covered="0"/><counter type="COMPLEXITY" missed="1" covered="0"/><counter type="METHOD" missed="1" covered="0"/></method><method name="nextEntry" desc="()V" line="2605"><counter type="INSTRUCTION" missed="10" covered="0"/><counter type="LINE" missed="3" covered="0"/><counter type="COMPLEXITY" missed="1" covered="0"/><counter type="METHOD" missed="1" covered="0"/></method><method name="today" desc="()V" line="2612"><counter type="INSTRUCTION" missed="5" covered="25"/><counter type="BRANCH" missed="3" covered="1"/><counter type="LINE" missed="1" covered="8"/><counter type="COMPLEXITY" missed="2" covered="1"/><counter type="METHOD" missed="0" covered="1"/></method><method name="index" desc="()V" line="2627"><counter type="INSTRUCTION" missed="13" covered="0"/><counter type="LINE" missed="5" covered="0"/><counter type="COMPLEXITY" missed="1" covered="0"/><counter type="METHOD" missed="1" covered="0"/></method><method name="addIndexLink" desc="()V" line="2636"><counter type="INSTRUCTION" missed="59" covered="0"/><counter type="BRANCH" missed="4" covered="0"/><counter type="LINE" missed="13" covered="0"/><counter type="COMPLEXITY" missed="3" covered="0"/><counter type="METHOD" missed="1" covered="0"/></method><method name="dateCheck" desc="(Ljava/lang/CharSequence;Ljava/lang/String;Ljava/util/Date;)Ljava/lang/CharSequence;" line="2657"><counter type="INSTRUCTION" missed="52" covered="0"/><counter type="BRANCH" missed="4" covered="0"/><counter type="LINE" missed="15" covered="0"/><counter type="COMPLEXITY" missed="3" covered="0"/><counter type="METHOD" missed="1" covered="0"/></method><method name="template" desc="()V" line="2693"><counter type="INSTRUCTION" missed="60" covered="0"/><counter type="BRANCH" missed="8" covered="0"/><counter type="LINE" missed="14" covered="0"/><counter type="COMPLEXITY" missed="5" covered="0"/><counter type="METHOD" missed="1" covered="0"/></method><method name="dateCheck" desc="(Ljava/lang/CharSequence;Ljava/lang/String;)Ljava/lang/CharSequence;" line="2724"><counter type="INSTRUCTION" missed="54" covered="0"/><counter type="BRANCH" missed="4" covered="0"/><counter type="LINE" missed="15" covered="0"/><counter type="COMPLEXITY" missed="3" covered="0"/><counter type="METHOD" missed="1" covered="0"/></method><method name="addMedia" desc="(Landroid/net/Uri;Z)V" line="2759"><counter type="INSTRUCTION" missed="113" covered="0"/><counter type="BRANCH" missed="10" covered="0"/><counter type="LINE" missed="28" covered="0"/><counter type="COMPLEXITY" missed="6" covered="0"/><counter type="METHOD" missed="1" covered="0"/></method><method name="addLink" desc="(Landroid/net/Uri;Ljava/lang/String;Z)V" line="2813"><counter type="INSTRUCTION" missed="20" covered="0"/><counter type="BRANCH" missed="4" covered="0"/><counter type="LINE" missed="5" covered="0"/><counter type="COMPLEXITY" missed="3" covered="0"/><counter type="METHOD" missed="1" covered="0"/></method><method name="addLinkDialog" desc="(Ljava/lang/String;Ljava/lang/String;Landroid/content/DialogInterface$OnClickListener;)V" line="2851"><counter type="INSTRUCTION" missed="53" covered="0"/><counter type="LINE" missed="14" covered="0"/><counter type="COMPLEXITY" missed="1" covered="0"/><counter type="METHOD" missed="1" covered="0"/></method><method name="addMap" desc="(Landroid/net/Uri;)V" line="2875"><counter type="INSTRUCTION" missed="21" covered="0"/><counter type="LINE" missed="5" covered="0"/><counter type="COMPLEXITY" missed="1" covered="0"/><counter type="METHOD" missed="1" covered="0"/></method><method name="resolveContent" desc="(Landroid/net/Uri;)Landroid/net/Uri;" line="2894"><counter type="INSTRUCTION" missed="19" covered="0"/><counter type="BRANCH" missed="4" covered="0"/><counter type="LINE" missed="6" covered="0"/><counter type="COMPLEXITY" missed="3" covered="0"/><counter type="METHOD" missed="1" covered="0"/></method><method name="getNextCalendarDay" desc="()Ljava/util/Calendar;" line="2909"><counter type="INSTRUCTION" missed="22" covered="0"/><counter type="LINE" missed="6" covered="0"/><counter type="COMPLEXITY" missed="1" covered="0"/><counter type="METHOD" missed="1" covered="0"/></method><method name="getPrevCalendarDay" desc="()Ljava/util/Calendar;" line="2920"><counter type="INSTRUCTION" missed="22" covered="0"/><counter type="LINE" missed="6" covered="0"/><counter type="COMPLEXITY" missed="1" covered="0"/><counter type="METHOD" missed="1" covered="0"/></method><method name="getNextCalendarMonth" desc="()Ljava/util/Calendar;" line="2932"><counter type="INSTRUCTION" missed="22" covered="0"/><counter type="LINE" missed="6" covered="0"/><counter type="COMPLEXITY" missed="1" covered="0"/><counter type="METHOD" missed="1" covered="0"/></method><method name="getPrevCalendarMonth" desc="()Ljava/util/Calendar;" line="2943"><counter type="INSTRUCTION" missed="22" covered="0"/><counter type="LINE" missed="6" covered="0"/><counter type="COMPLEXITY" missed="1" covered="0"/><counter type="METHOD" missed="1" covered="0"/></method><method name="showToast" desc="(I)V" line="2955"><counter type="INSTRUCTION" missed="8" covered="0"/><counter type="LINE" missed="3" covered="0"/><counter type="COMPLEXITY" missed="1" covered="0"/><counter type="METHOD" missed="1" covered="0"/></method><method name="showToast" desc="(Ljava/lang/String;)V" line="2963"><counter type="INSTRUCTION" missed="34" covered="0"/><counter type="BRANCH" missed="6" covered="0"/><counter type="LINE" missed="9" covered="0"/><counter type="COMPLEXITY" missed="4" covered="0"/><counter type="METHOD" missed="1" covered="0"/></method><method name="animateSwipeLeft" desc="()V" line="2979"><counter type="INSTRUCTION" missed="9" covered="0"/><counter type="LINE" missed="4" covered="0"/><counter type="COMPLEXITY" missed="1" covered="0"/><counter type="METHOD" missed="1" covered="0"/></method><method name="animateSwipeRight" desc="()V" line="2988"><counter type="INSTRUCTION" missed="9" covered="0"/><counter type="LINE" missed="4" covered="0"/><counter type="COMPLEXITY" missed="1" covered="0"/><counter type="METHOD" missed="1" covered="0"/></method><method name="onSwipeLeft" desc="()V" line="2997"><counter type="INSTRUCTION" missed="20" covered="0"/><counter type="BRANCH" missed="4" covered="0"/><counter type="LINE" missed="6" covered="0"/><counter type="COMPLEXITY" missed="3" covered="0"/><counter type="METHOD" missed="1" covered="0"/></method><method name="onSwi
[...]
d name="dumpIntermediateCoverage" desc="(Ljava/lang/String;)V" line="87"><counter type="INSTRUCTION" missed="20" covered="18"/><counter type="BRANCH" missed="2" covered="2"/><counter type="LINE" missed="4" covered="3"/><counter type="COMPLEXITY" missed="2" covered="1"/><counter type="METHOD" missed="0" covered="1"/></method><method name="&lt;clinit&gt;" desc="()V" line="13"><counter type="INSTRUCTION" missed="0" covered="3"/><counter type="LINE" missed="0" covered="1"/><counter type="COMPLEXITY" missed="0" covered="1"/><counter type="METHOD" missed="0" covered="1"/></method><counter type="INSTRUCTION" missed="90" covered="94"/><counter type="BRANCH" missed="13" covered="5"/><counter type="LINE" missed="24" covered="20"/><counter type="COMPLEXITY" missed="11" covered="6"/><counter type="METHOD" missed="2" covered="6"/><counter type="CLASS" missed="0" covered="1"/></class><class name="org/billthefarmer/diary/JacocoInstrument/FinishListener" sourcefilename="FinishListener.java"/><sourcefile name="SMSInstrumentedReceiver.java"><line nr="10" mi="0" ci="3" mb="0" cb="0"/><line nr="17" mi="0" ci="7" mb="0" cb="0"/><line nr="18" mi="0" ci="3" mb="0" cb="0"/><line nr="20" mi="0" ci="5" mb="0" cb="0"/><line nr="22" mi="0" ci="2" mb="1" cb="1"/><line nr="23" mi="3" ci="0" mb="0" cb="0"/><line nr="25" mi="1" ci="0" mb="0" cb="0"/><counter type="INSTRUCTION" missed="4" covered="20"/><counter type="BRANCH" missed="1" covered="1"/><counter type="LINE" missed="2" covered="5"/><counter type="COMPLEXITY" missed="1" covered="2"/><counter type="METHOD" missed="0" covered="2"/><counter type="CLASS" missed="0" covered="1"/></sourcefile><sourcefile name="FinishListener.java"/><sourcefile name="JacocoInstrumentation.java"><line nr="13" mi="0" ci="3" mb="0" cb="0"/><line nr="16" mi="0" ci="3" mb="0" cb="0"/><line nr="19" mi="0" ci="2" mb="0" cb="0"/><line nr="20" mi="0" ci="2" mb="0" cb="0"/><line nr="21" mi="0" ci="1" mb="0" cb="0"/><line nr="25" mi="13" ci="0" mb="0" cb="0"/><line nr="26" mi="3" ci="0" mb="0" cb="0"/><line nr="28" mi="2" ci="0" mb="2" cb="0"/><line nr="29" mi="6" ci="0" mb="0" cb="0"/><line nr="30" mi="5" ci="0" mb="0" cb="0"/><line nr="32" mi="2" ci="0" mb="0" cb="0"/><line nr="33" mi="1" ci="0" mb="0" cb="0"/><line nr="36" mi="4" ci="0" mb="0" cb="0"/><line nr="37" mi="9" ci="0" mb="4" cb="0"/><line nr="42" mi="0" ci="3" mb="1" cb="1"/><line nr="43" mi="2" ci="0" mb="0" cb="0"/><line nr="45" mi="0" ci="3" mb="0" cb="0"/><line nr="51" mi="0" ci="12" mb="0" cb="0"/><line nr="52" mi="0" ci="2" mb="0" cb="0"/><line nr="54" mi="0" ci="7" mb="0" cb="0"/><line nr="55" mi="0" ci="5" mb="0" cb="0"/><line nr="56" mi="0" ci="4" mb="0" cb="0"/><line nr="57" mi="0" ci="2" mb="0" cb="0"/><line nr="60" mi="1" ci="17" mb="0" cb="0"/><line nr="61" mi="4" ci="0" mb="0" cb="0"/><line nr="62" mi="1" ci="0" mb="0" cb="0"/><line nr="63" mi="6" ci="0" mb="0" cb="0"/><line nr="65" mi="2" ci="0" mb="2" cb="0"/><line nr="67" mi="2" ci="0" mb="0" cb="0"/><line nr="68" mi="1" ci="0" mb="0" cb="0"/><line nr="69" mi="2" ci="0" mb="0" cb="0"/><line nr="70" mi="1" ci="0" mb="0" cb="0"/><line nr="73" mi="1" ci="0" mb="0" cb="0"/><line nr="77" mi="0" ci="5" mb="2" cb="2"/><line nr="78" mi="0" ci="3" mb="0" cb="0"/><line nr="79" mi="0" ci="2" mb="0" cb="0"/><line nr="81" mi="2" ci="0" mb="0" cb="0"/><line nr="87" mi="0" ci="11" mb="0" cb="0"/><line nr="89" mi="0" ci="3" mb="1" cb="1"/><line nr="90" mi="0" ci="4" mb="1" cb="1"/><line nr="92" mi="13" ci="0" mb="0" cb="0"/><line nr="95" mi="2" ci="0" mb="0" cb="0"/><line nr="96" mi="4" ci="0" mb="0" cb="0"/><line nr="98" mi="1" ci="0" mb="0" cb="0"/><counter type="INSTRUCTION" missed="90" covered="94"/><counter type="BRANCH" missed="13" covered="5"/><counter type="LINE" missed="24" covered="20"/><counter type="COMPLEXITY" missed="11" covered="6"/><counter type="METHOD" missed="2" covered="6"/><counter type="CLASS" missed="0" covered="1"/></sourcefile><counter type="INSTRUCTION" missed="94" covered="114"/><counter type="BRANCH" missed="14" covered="6"/><counter type="LINE" missed="26" covered="25"/><counter type="COMPLEXITY" missed="12" covered="8"/><counter type="METHOD" missed="2" covered="8"/><counter type="CLASS" missed="0" covered="2"/></package><package name="android/support/v4/content"><class name="android/support/v4/content/FileProvider$SimplePathStrategy" sourcefilename="FileProvider.java"><method name="&lt;init&gt;" desc="(Ljava/lang/String;)V" line="662"><counter type="INSTRUCTION" missed="0" covered="11"/><counter type="LINE" missed="0" covered="4"/><counter type="COMPLEXITY" missed="0" covered="1"/><counter type="METHOD" missed="0" covered="1"/></method><method name="addRoot" desc="(Ljava/lang/String;Ljava/io/File;)V" line="673"><counter type="INSTRUCTION" missed="19" covered="14"/><counter type="BRANCH" missed="1" covered="1"/><counter type="LINE" missed="3" covered="5"/><counter type="COMPLEXITY" missed="1" covered="1"/><counter type="METHOD" missed="0" covered="1"/></method><method name="getUriForFile" desc="(Ljava/io/File;)Landroid/net/Uri;" line="692"><counter type="INSTRUCTION" missed="117" covered="0"/><counter type="BRANCH" missed="12" covered="0"/><counter type="LINE" missed="20" covered="0"/><counter type="COMPLEXITY" missed="7" covered="0"/><counter type="METHOD" missed="1" covered="0"/></method><method name="getFileForUri" desc="(Landroid/net/Uri;)Ljava/io/File;" line="728"><counter type="INSTRUCTION" missed="77" covered="0"/><counter type="BRANCH" missed="4" covered="0"/><counter type="LINE" missed="15" covered="0"/><counter type="COMPLEXITY" missed="3" covered="0"/><counter type="METHOD" missed="1" covered="0"/></method><counter type="INSTRUCTION" missed="213" covered="25"/><counter type="BRANCH" missed="17" covered="1"/><counter type="LINE" missed="38" covered="9"/><counter type="COMPLEXITY" missed="11" covered="2"/><counter type="METHOD" missed="2" covered="2"/><counter type="CLASS" missed="0" covered="1"/></class><class name="android/support/v4/content/FileProvider$PathStrategy" sourcefilename="FileProvider.java"/><class name="android/support/v4/content/FileProvider" sourcefilename="FileProvider.java"><method name="&lt;init&gt;" desc="()V" line="324"><counter type="INSTRUCTION" missed="0" covered="3"/><counter type="LINE" missed="0" covered="1"/><counter type="COMPLEXITY" missed="0" covered="1"/><counter type="METHOD" missed="0" covered="1"/></method><method name="onCreate" desc="()Z" line="354"><counter type="INSTRUCTION" missed="0" covered="2"/><counter type="LINE" missed="0" covered="1"/><counter type="COMPLEXITY" missed="0" covered="1"/><counter type="METHOD" missed="0" covered="1"/></method><method name="attachInfo" desc="(Landroid/content/Context;Landroid/content/pm/ProviderInfo;)V" line="366"><counter type="INSTRUCTION" missed="10" covered="17"/><counter type="BRANCH" missed="2" covered="2"/><counter type="LINE" missed="2" covered="5"/><counter type="COMPLEXITY" missed="2" covered="1"/><counter type="METHOD" missed="0" covered="1"/></method><method name="getUriForFile" desc="(Landroid/content/Context;Ljava/lang/String;Ljava/io/File;)Landroid/net/Uri;" line="400"><counter type="INSTRUCTION" missed="8" covered="0"/><counter type="LINE" missed="2" covered="0"/><counter type="COMPLEXITY" missed="1" covered="0"/><counter type="METHOD" missed="1" covered="0"/></method><method name="query" desc="(Landroid/net/Uri;[Ljava/lang/String;Ljava/lang/String;[Ljava/lang/String;Ljava/lang/String;)Landroid/database/Cursor;" line="436"><counter type="INSTRUCTION" missed="84" covered="0"/><counter type="BRANCH" missed="8" covered="0"/><counter type="LINE" missed="18" covered="0"/><counter type="COMPLEXITY" missed="5" covered="0"/><counter type="METHOD" missed="1" covered="0"/></method><method name="getType" desc="(Landroid/net/Uri;)Ljava/lang/String;" line="476"><counter type="INSTRUCTION" missed="29" covered="0"/><counter type="BRANCH" missed="4" covered="0"/><counter type="LINE" missed="9" covered="0"/><counter type="COMPLEXITY" missed="3" covered="0"/><counter type="METHOD" missed="1" covered="0"/></method><method name="insert" desc="(Landroid/net/Uri;Landroid/content/ContentValues;)Landroid/net/Uri;" line="497"><counter type="INSTRUCTION" missed="5" covered="0"/><counter type="LINE" missed="1" covered="0"/><counter type="COMPLEXITY" missed="1" covered="0"/><counter type="METHOD" missed="1" covered="0"/></method><method name="update" desc="(Landroid/net/Uri;Landroid/content/ContentValues;Ljava/lang/String;[Ljava/lang/String;)I" line="506"><counter type="INSTRUCTION" missed="5" covered="0"/><counter type="LINE" missed="1" covered="0"/><counter type="COMPLEXITY" missed="1" covered="0"/><counter type="METHOD" missed="1" covered="0"/></method><method name="delete" desc="(Landroid/net/Uri;Ljava/lang/String;[Ljava/lang/String;)I" line="523"><counter type="INSTRUCTION" missed="12" covered="0"/><counter type="BRANCH" missed="2" covered="0"/><counter type="LINE" missed="2" covered="0"/><counter type="COMPLEXITY" missed="2" covered="0"/><counter type="METHOD" missed="1" covered="0"/></method><method name="openFile" desc="(Landroid/net/Uri;Ljava/lang/String;)Landroid/os/ParcelFileDescriptor;" line="545"><counter type="INSTRUCTION" missed="12" covered="0"/><counter type="LINE" missed="3" covered="0"/><counter type="COMPLEXITY" missed="1" covered="0"/><counter type="METHOD" missed="1" covered="0"/></method><method name="getPathStrategy" desc="(Landroid/content/Context;Ljava/lang/String;)Landroid/support/v4/content/FileProvider$PathStrategy;" line="556"><counter type="INSTRUCTION" missed="14" covered="26"/><counter type="BRANCH" missed="1" covered="1"/><counter type="LINE" missed="4" covered="8"/><counter type="COMPLEXITY" missed="1" covered="1"/><counter type="METHOD" missed="0" covered="1"/></method><method name="parsePathStrategy" desc="(Landroid/content/Context;Ljava/lang/String;)Landroid/support/v4/content/FileProvider$PathStrategy;" line="582"><counter type="INSTRUCTION" missed="17" covered="93"/><counter type="BRANCH" missed="4" covered="16"/><counter type="LINE" missed="4" covered="25"/><counter type="COMPLEXITY" missed="4" covered="7"/><counter type="METHOD" missed="0" covered="1"/></method><method name="modeToMode" desc="(Ljava/lang/String;)I" line="759"><counter type="INSTRUCTION" missed="53" covered="0"/><counter type="BRANCH" missed="12" covered="0"/><counter type="LINE" missed="12" covered="0"/><counter type="COMPLEXITY" missed="7" covered="0"/><counter type="METHOD" missed="1" covered="0"/></method><method name="buildPath" desc="(Ljava/io/File;[Ljava/lang/String;)Ljava/io/File;" line="783"><counter type="INSTRUCTION" missed="0" covered="28"/><counter type="BRANCH" missed="1" covered="3"/><counter type="LINE" missed="0" covered="5"/><counter type="COMPLEXITY" missed="1" covered="2"/><counter type="METHOD" missed="0" covered="1"/></method><method name="copyOf" desc="([Ljava/lang/String;I)[Ljava/lang/String;" line="793"><counter type="INSTRUCTION" missed="11" covered="0"/><counter type="LINE" missed="3" covered="0"/><counter type="COMPLEXITY" missed="1" covered="0"/><counter type="METHOD" missed="1" covered="0"/></method><method name="copyOf" desc="([Ljava/lang/Object;I)[Ljava/lang/Object;" line="799"><counter type="INSTRUCTION" missed="11" covered="0"/><counter type="LINE" missed="3" covered="0"/><counter type="COMPLEXITY" missed="1" covered="0"/><counter type="METHOD" missed="1" covered="0"/></method><method name="&lt;clinit&gt;" desc="()V" line="325"><counter type="INSTRUCTION" missed="0" covered="21"/><counter type="LINE" missed="0" covered="3"/><counter type="COMPLEXITY" missed="0" covered="1"/><counter type="METHOD" missed="0" covered="1"/></method><counter type="INSTRUCTION" missed="271" covered="190"/><counter type="BRANCH" missed="34" covered="22"/><counter type="LINE" missed="64" covered="48"/><counter type="COMPLEXITY" missed="31" covered="14"/><counter type="METHOD" missed="10" covered="7"/><counter type="CLASS" missed="0" covered="1"/></class><sourcefile name="FileProvider.java"><line nr="324" mi="0" ci="3" mb="0" cb="0"/><line nr="325" mi="0" ci="11" mb="0" cb="0"/><line nr="341" mi="0" ci="5" mb="0" cb="0"/><line nr="344" mi="0" ci="5" mb="0" cb="0"/><line nr="354" mi="0" ci="2" mb="0" cb="0"/><line nr="366" mi="0" ci="4" mb="0" cb="0"/><line nr="369" mi="0" ci="3" mb="1" cb="1"/><line nr="370" mi="5" ci="0" mb="0" cb="0"/><line nr="372" mi="0" ci="3" mb="1" cb="1"/><line nr="373" mi="5" ci="0" mb="0" cb="0"/><line nr="376" mi="0" ci="6" mb="0" cb="0"/><line nr="377" mi="0" ci="1" mb="0" cb="0"/><line nr="400" mi="4" ci="0" mb="0" cb="0"/><line nr="401" mi="4" ci="0" mb="0" cb="0"/><line nr="436" mi="5" ci="0" mb="0" cb="0"/><line nr="438" mi="2" ci="0" mb="2" cb="0"/><line nr="439" mi="2" ci="0" mb="0" cb="0"/><line nr="442" mi="4" ci="0" mb="0" cb="0"/><line nr="443" mi="4" ci="0" mb="0" cb="0"/><line nr="444" mi="2" ci="0" mb="0" cb="0"/><line nr="445" mi="16" ci="0" mb="2" cb="0"/><line nr="446" mi="4" ci="0" mb="2" cb="0"/><line nr="447" mi="4" ci="0" mb="0" cb="0"/><line nr="448" mi="7" ci="0" mb="0" cb="0"/><line nr="449" mi="4" ci="0" mb="2" cb="0"/><line nr="450" mi="4" ci="0" mb="0" cb="0"/><line nr="451" mi="7" ci="0" mb="0" cb="0"/><line nr="455" mi="4" ci="0" mb="0" cb="0"/><line nr="456" mi="4" ci="0" mb="0" cb="0"/><line nr="458" mi="6" ci="0" mb="0" cb="0"/><line nr="459" mi="3" ci="0" mb="0" cb="0"/><line nr="460" mi="2" ci="0" mb="0" cb="0"/><line nr="476" mi="5" ci="0" mb="0" cb="0"/><line nr="478" mi="5" ci="0" mb="0" cb="0"/><line nr="479" mi="2" ci="0" mb="2" cb="0"/><line nr="480" mi="7" ci="0" mb="0" cb="0"/><line nr="481" mi="2" ci="0" mb="0" cb="0"/><line nr="482" mi="2" ci="0" mb="0" cb="0"/><line nr="483" mi="2" ci="0" mb="2" cb="0"/><line nr="484" mi="2" ci="0" mb="0" cb="0"/><line nr="488" mi="2" ci="0" mb="0" cb="0"/><line nr="497" mi="5" ci="0" mb="0" cb="0"/><line nr="506" mi="5" ci="0" mb="0" cb="0"/><line nr="523" mi="5" ci="0" mb="0" cb="0"/><line nr="524" mi="7" ci="0" mb="2" cb="0"/><line nr="545" mi="5" ci="0" mb="0" cb="0"/><line nr="546" mi="3" ci="0" mb="0" cb="0"/><line nr="547" mi="4" ci="0" mb="0" cb="0"/><line nr="556" mi="0" ci="4" mb="0" cb="0"/><line nr="557" mi="0" ci="5" mb="0" cb="0"/><line nr="558" mi="0" ci="2" mb="1" cb="1"/><line nr="560" mi="0" ci="4" mb="0" cb="0"/><line nr="561" mi="1" ci="0" mb="0" cb="0"/><line nr="562" mi="6" ci="0" mb="0" cb="0"/><line nr="564" mi="1" ci="0" mb="0" cb="0"/><line nr="565" mi="6" ci="0" mb="0" cb="0"/><line nr="567" mi="0" ci="1" mb="0" cb="0"/><line nr="568" mi="0" ci="5" mb="0" cb="0"/><line nr="570" mi="0" ci="3" mb="0" cb="0"/><line nr="571" mi="0" ci="2" mb="0" cb="0"/><line nr="582" mi="0" ci="5" mb="0" cb="0"/><line nr="584" mi="0" ci="4" mb="0" cb="0"/><line nr="585" mi="0" ci="2" mb="0" cb="0"/><line nr="586" mi="0" ci="4" mb="0" cb="0"/><line nr="587" mi="0" ci="2" mb="0" cb="0"/><line nr="588" mi="0" ci="2" mb="1" cb="1"/><line nr="589" mi="5" ci="0" mb="0" cb="0"/><line nr="594" mi="0" ci="6" mb="0" cb="2"/><line nr="595" mi="0" ci="3" mb="0" cb="2"/><line nr="596" mi="0" ci="3" mb="0" cb="0"/><line nr="598" mi="0" ci="5" mb="0" cb="0"/><line nr="599" mi="0" ci="5" mb="0" cb="0"/><line nr="601" mi="0" ci="2" mb="0" cb="0"/><line nr="602" mi="0" ci="4" mb="0" cb="2"/><line nr="603" mi="0" ci="3" mb="0" cb="0"/><line nr="604" mi="0" ci="4" mb="1" cb="1"/><line nr="605" mi="4" ci="0" mb="0" cb="0"/><line nr="606" mi="0" ci="4" mb="0" cb="2"/><line nr="607" mi="0" ci="4" mb="0" cb="0"/><line nr="608" mi="0" ci="4" mb="0" cb="2"/><line nr="609" mi="0" ci="3" mb="0" cb="0"/><line nr="610" mi="0" ci="4" mb="1" cb="1"/><line nr="611" mi="5" ci="0" mb="0" cb="0"/><line nr="612" mi="0" ci="4" mb="1" cb="1"/><line nr="613" mi="3" ci="0" mb="0" cb="0"/><line nr="616" mi="0" ci="2" mb="0" cb="2"/><line nr="617" mi="0" ci="11" mb="0" cb="0"/><line nr="619" mi="0" ci="1" mb="0" cb="0"/><line nr="622" mi="0" ci="2" mb="0" cb="0"/><line nr="662" mi="0" ci="5" mb="0" cb="0"/><line nr="664" mi="0" ci="2" mb="0" cb="0"/><line nr="665" mi="0" ci="3" mb="0" cb="0"/><line nr="666" mi="0" ci="1" mb="0" cb="0"/><line nr="673" mi="0" ci="3" mb="1" cb="1"/><line nr="674" mi="5" ci="0" mb="0" cb="0"/><line nr="679" mi="0" ci="3" mb="0" cb="0"/><line nr="680" mi="1" ci="0" mb="0" cb="0"/><line nr="681" mi="13" ci="0" mb="0" cb="0"/><line nr="683" mi="0" ci="1" mb="0" cb="0"/><line nr="685" mi="0" ci="6" mb="0" cb="0"/><line nr="686" mi="0" ci="1" mb="0" cb="0"/><line nr="692" mi="3" ci="0" mb="0" cb="0"/><line nr="693" mi="1" ci="0" mb="0" cb="0"/><line nr="694" mi="12" ci="0" mb="0" cb="0"/><line nr="695" mi="1" ci="0" mb="0" cb="0"/><line nr="698" mi="2" ci="0" mb="0" cb="0"/><line nr="699" mi="12" ci="0" mb="2" cb="0"/><line nr="700" mi="5" ci="0" mb="0" cb="0"/><line nr="701" mi="7" ci="0" mb="4" cb="0"/><line nr="702" mi="7" ci="0" mb="2" cb="0"/><line nr="703" mi="2" ci="0" mb="0" cb="0"/><line nr="705" mi="1" ci="0" mb="0" cb="0"/><line nr="707" mi="2" ci="0" mb="2" cb="0"/><line nr="708" mi="12" ci="0" mb="0" cb="0"/><line nr="713" mi="5" ci="0" mb="0" cb="0"/><line nr="714" mi="4" ci="0" mb="2" cb="0"/><line nr="715" mi="6" ci="0" mb="0" cb="0"/><line nr="717" mi="7" ci="0" mb="0" cb="0"/><line nr="721" mi="16" ci="0" mb="0" cb="0"/><line nr="722" mi="8" ci="0" mb="0" cb="0"/><line nr="723" mi="4" ci="0" mb="0" cb="0"/><line nr="728" mi="3" ci="0" mb="0" cb="0"/><line nr="730" mi="5" ci="0" mb="0" cb="0"/><line nr="731" mi="6" ci="0" mb="0" cb="0"/><line nr="732" mi="7" ci="0" mb="0" cb="0"/><line nr="734" mi="6" ci="0" mb="0" cb="0"/><line nr="735" mi="2" ci="0" mb="2" cb="0"/><line nr="736" mi="12" ci="0" mb="0" cb="0"/><line nr="739" mi="6" ci="0" mb="0" cb="0"/><line nr="741" mi="3" ci="0" mb="0" cb="0"/><line nr="742" mi="1" ci="0" mb="0" cb="0"/><line nr="743" mi="12" ci="0" mb="0" cb="0"/><line nr="744" mi="1" ci="0" mb="0" cb="0"/><line nr="746" mi="6" ci="0" mb="2" cb="0"/><line nr="747" mi="5" ci="0" mb="0" cb="0"/><line nr="750" mi="2" ci="0" mb="0" cb="0"/><line nr="759" mi="4" ci="0" mb="2" cb="0"/><line nr="760" mi="3" ci="0" mb="0" cb="0"/><line nr="761" mi="8" ci="0" mb="4" cb="0"/><line nr="762" mi="3" ci="0" mb="0" cb="0"/><line nr="765" mi="4" ci="0" mb="2" cb="0"/><line nr="766" mi="3" ci="0" mb="0" cb="0"/><line nr="769" mi="4" ci="0" mb="2" cb="0"/><line nr="770" mi="3" ci="0" mb="0" cb="0"/><line nr="772" mi="4" ci="0" mb="2" cb="0"/><line nr="773" mi="3" ci="0" mb="0" cb="0"/><line nr="777" mi="12" ci="0" mb="0" cb="0"/><line nr="779" mi="2" ci="0" mb="0" cb="0"/><line nr="783" mi="0" ci="2" mb="0" cb="0"/><line nr="784" mi="0" ci="16" mb="0" cb="2"/><line nr="785" mi="0" ci="2" mb="1" cb="1"/><line nr="786" mi="0" ci="6" mb="0" cb="0"/><line nr="789" mi="0" ci="2" mb="0" cb="0"/><line nr="793" mi="3" ci="0" mb="0" cb="0"/><line nr="794" mi="6" ci="0" mb="0" cb="0"/><line nr="795" mi="2" ci="0" mb="0" cb="0"/><line nr="799" mi="3" ci="0" mb="0" cb="0"/><line nr="800" mi="6" ci="0" mb="0" cb="0"/><line nr="801" mi="2" ci="0" mb="0" cb="0"/><counter type="INSTRUCTION" missed="484" covered="215"/><counter type="BRANCH" missed="51" covered="23"/><counter type="LINE" missed="102" covered="57"/><counter type="COMPLEXITY" missed="42" covered="16"/><counter type="METHOD" missed="12" covered="9"/><counter type="CLASS" missed="0" covered="2"/></sourcefile><counter type="INSTRUCTION" missed="484" covered="215"/><counter type="BRANCH" missed="51" covered="23"/><counter type="LINE" missed="102" covered="57"/><counter type="COMPLEXITY" missed="42" covered="16"/><counter type="METHOD" missed="12" covered="9"/><counter type="CLASS" missed="0" covered="2"/></package><counter type="INSTRUCTION" missed="8339" covered="1754"/><counter type="BRANCH" missed="969" covered="116"/><counter type="LINE" missed="2089" covered="435"/><counter type="COMPLEXITY" missed="774" covered="88"/><counter type="METHOD" missed="222" covered="75"/><counter type="CLASS" missed="13" covered="10"/></report>